Command line invocation:
    /Applications/Xcode.app/Contents/Developer/usr/bin/xcodebuild clean build -scheme BoxOfficer -destination generic/platform=iOS

2026-01-14 11:05:45.121 xcodebuild[11737:257683] [MT] IDERunDestination: Supported platforms for the buildables in the current scheme is empty.
CreateBuildRequest

SendProjectDescription

CreateBuildOperation

** CLEAN SUCCEEDED **

ComputePackagePrebuildTargetDependencyGraph

Prepare packages

CreateBuildRequest

SendProjectDescription

CreateBuildOperation

ComputeTargetDependencyGraph
note: Building targets in dependency order
note: Target dependency graph (1 target)
    Target 'BoxOfficer' in project 'BoxOfficer' (no dependencies)

GatherProvisioningInputs

CreateBuildDescription

ExecuteExternalTool /Applications/Xcode.app/Contents/Developer/Toolchains/XcodeDefault.xctoolchain/usr/bin/clang -v -E -dM -isysroot /Applications/Xcode.app/Contents/Developer/Platforms/iPhoneOS.platform/Developer/SDKs/iPhoneOS26.2.sdk -x c -c /dev/null

ExecuteExternalTool /Applications/Xcode.app/Contents/Developer/usr/bin/actool --print-asset-tag-combinations --output-format xml1 /Users/nick/GitHub Local/BoxOfficer/BoxOfficer/Assets.xcassets

ExecuteExternalTool /Applications/Xcode.app/Contents/Developer/usr/bin/actool --version --output-format xml1

ExecuteExternalTool /Applications/Xcode.app/Contents/Developer/Toolchains/XcodeDefault.xctoolchain/usr/bin/swiftc --version

ExecuteExternalTool /Applications/Xcode.app/Contents/Developer/Toolchains/XcodeDefault.xctoolchain/usr/bin/ld -version_details

Build description signature: 9f4257a6c97cfa1601a7d367f63cce54
Build description path: /Users/nick/Library/Developer/Xcode/DerivedData/BoxOfficer-gkxyzipyhrenfigbggmkrxsqwque/Build/Intermediates.noindex/XCBuildData/9f4257a6c97cfa1601a7d367f63cce54.xcbuilddata
ClangStatCache /Applications/Xcode.app/Contents/Developer/Toolchains/XcodeDefault.xctoolchain/usr/bin/clang-stat-cache /Applications/Xcode.app/Contents/Developer/Platforms/iPhoneOS.platform/Developer/SDKs/iPhoneOS26.2.sdk /Users/nick/Library/Developer/Xcode/DerivedData/SDKStatCaches.noindex/iphoneos26.2-23C53-3885c01c3e6b6a337905948deab2002e3794476bd08197c3e2abd9bb477ef7f7.sdkstatcache
    cd /Users/nick/GitHub\ Local/BoxOfficer/BoxOfficer.xcodeproj
    /Applications/Xcode.app/Contents/Developer/Toolchains/XcodeDefault.xctoolchain/usr/bin/clang-stat-cache /Applications/Xcode.app/Contents/Developer/Platforms/iPhoneOS.platform/Developer/SDKs/iPhoneOS26.2.sdk -o /Users/nick/Library/Developer/Xcode/DerivedData/SDKStatCaches.noindex/iphoneos26.2-23C53-3885c01c3e6b6a337905948deab2002e3794476bd08197c3e2abd9bb477ef7f7.sdkstatcache

CreateBuildDirectory /Users/nick/Library/Developer/Xcode/DerivedData/BoxOfficer-gkxyzipyhrenfigbggmkrxsqwque/Build/Products
    cd /Users/nick/GitHub\ Local/BoxOfficer/BoxOfficer.xcodeproj
    builtin-create-build-directory /Users/nick/Library/Developer/Xcode/DerivedData/BoxOfficer-gkxyzipyhrenfigbggmkrxsqwque/Build/Products

CreateBuildDirectory /Users/nick/Library/Developer/Xcode/DerivedData/BoxOfficer-gkxyzipyhrenfigbggmkrxsqwque/Build/Intermediates.noindex
    cd /Users/nick/GitHub\ Local/BoxOfficer/BoxOfficer.xcodeproj
    builtin-create-build-directory /Users/nick/Library/Developer/Xcode/DerivedData/BoxOfficer-gkxyzipyhrenfigbggmkrxsqwque/Build/Intermediates.noindex

CreateBuildDirectory /Users/nick/Library/Developer/Xcode/DerivedData/BoxOfficer-gkxyzipyhrenfigbggmkrxsqwque/Build/Intermediates.noindex/ExplicitPrecompiledModules
    cd /Users/nick/GitHub\ Local/BoxOfficer/BoxOfficer.xcodeproj
    builtin-create-build-directory /Users/nick/Library/Developer/Xcode/DerivedData/BoxOfficer-gkxyzipyhrenfigbggmkrxsqwque/Build/Intermediates.noindex/ExplicitPrecompiledModules

CreateBuildDirectory /Users/nick/Library/Developer/Xcode/DerivedData/BoxOfficer-gkxyzipyhrenfigbggmkrxsqwque/Build/Intermediates.noindex/SwiftExplicitPrecompiledModules
    cd /Users/nick/GitHub\ Local/BoxOfficer/BoxOfficer.xcodeproj
    builtin-create-build-directory /Users/nick/Library/Developer/Xcode/DerivedData/BoxOfficer-gkxyzipyhrenfigbggmkrxsqwque/Build/Intermediates.noindex/SwiftExplicitPrecompiledModules

CreateBuildDirectory /Users/nick/Library/Developer/Xcode/DerivedData/BoxOfficer-gkxyzipyhrenfigbggmkrxsqwque/Build/Intermediates.noindex/EagerLinkingTBDs/Debug-iphoneos
    cd /Users/nick/GitHub\ Local/BoxOfficer/BoxOfficer.xcodeproj
    builtin-create-build-directory /Users/nick/Library/Developer/Xcode/DerivedData/BoxOfficer-gkxyzipyhrenfigbggmkrxsqwque/Build/Intermediates.noindex/EagerLinkingTBDs/Debug-iphoneos

WriteAuxiliaryFile /Users/nick/Library/Developer/Xcode/DerivedData/BoxOfficer-gkxyzipyhrenfigbggmkrxsqwque/Build/Intermediates.noindex/BoxOfficer.build/Debug-iphoneos/BoxOfficer-318dd37259067d09c318396589f56780-VFS-iphoneos/all-product-headers.yaml
    cd /Users/nick/GitHub\ Local/BoxOfficer/BoxOfficer.xcodeproj
    write-file /Users/nick/Library/Developer/Xcode/DerivedData/BoxOfficer-gkxyzipyhrenfigbggmkrxsqwque/Build/Intermediates.noindex/BoxOfficer.build/Debug-iphoneos/BoxOfficer-318dd37259067d09c318396589f56780-VFS-iphoneos/all-product-headers.yaml

CreateBuildDirectory /Users/nick/Library/Developer/Xcode/DerivedData/BoxOfficer-gkxyzipyhrenfigbggmkrxsqwque/Build/Products/Debug-iphoneos
    cd /Users/nick/GitHub\ Local/BoxOfficer/BoxOfficer.xcodeproj
    builtin-create-build-directory /Users/nick/Library/Developer/Xcode/DerivedData/BoxOfficer-gkxyzipyhrenfigbggmkrxsqwque/Build/Products/Debug-iphoneos

WriteAuxiliaryFile /Users/nick/Library/Developer/Xcode/DerivedData/BoxOfficer-gkxyzipyhrenfigbggmkrxsqwque/Build/Intermediates.noindex/BoxOfficer.build/Debug-iphoneos/BoxOfficer.build/BoxOfficer.hmap (in target 'BoxOfficer' from project 'BoxOfficer')
    cd /Users/nick/GitHub\ Local/BoxOfficer
    write-file /Users/nick/Library/Developer/Xcode/DerivedData/BoxOfficer-gkxyzipyhrenfigbggmkrxsqwque/Build/Intermediates.noindex/BoxOfficer.build/Debug-iphoneos/BoxOfficer.build/BoxOfficer.hmap

WriteAuxiliaryFile /Users/nick/Library/Developer/Xcode/DerivedData/BoxOfficer-gkxyzipyhrenfigbggmkrxsqwque/Build/Intermediates.noindex/BoxOfficer.build/Debug-iphoneos/BoxOfficer.build/BoxOfficer-project-headers.hmap (in target 'BoxOfficer' from project 'BoxOfficer')
    cd /Users/nick/GitHub\ Local/BoxOfficer
    write-file /Users/nick/Library/Developer/Xcode/DerivedData/BoxOfficer-gkxyzipyhrenfigbggmkrxsqwque/Build/Intermediates.noindex/BoxOfficer.build/Debug-iphoneos/BoxOfficer.build/BoxOfficer-project-headers.hmap

WriteAuxiliaryFile /Users/nick/Library/Developer/Xcode/DerivedData/BoxOfficer-gkxyzipyhrenfigbggmkrxsqwque/Build/Intermediates.noindex/BoxOfficer.build/Debug-iphoneos/BoxOfficer.build/empty-BoxOfficer.plist (in target 'BoxOfficer' from project 'BoxOfficer')
    cd /Users/nick/GitHub\ Local/BoxOfficer
    write-file /Users/nick/Library/Developer/Xcode/DerivedData/BoxOfficer-gkxyzipyhrenfigbggmkrxsqwque/Build/Intermediates.noindex/BoxOfficer.build/Debug-iphoneos/BoxOfficer.build/empty-BoxOfficer.plist

WriteAuxiliaryFile /Users/nick/Library/Developer/Xcode/DerivedData/BoxOfficer-gkxyzipyhrenfigbggmkrxsqwque/Build/Intermediates.noindex/BoxOfficer.build/Debug-iphoneos/BoxOfficer.build/BoxOfficer-own-target-headers.hmap (in target 'BoxOfficer' from project 'BoxOfficer')
    cd /Users/nick/GitHub\ Local/BoxOfficer
    write-file /Users/nick/Library/Developer/Xcode/DerivedData/BoxOfficer-gkxyzipyhrenfigbggmkrxsqwque/Build/Intermediates.noindex/BoxOfficer.build/Debug-iphoneos/BoxOfficer.build/BoxOfficer-own-target-headers.hmap

WriteAuxiliaryFile /Users/nick/Library/Developer/Xcode/DerivedData/BoxOfficer-gkxyzipyhrenfigbggmkrxsqwque/Build/Intermediates.noindex/BoxOfficer.build/Debug-iphoneos/BoxOfficer.build/BoxOfficer-generated-files.hmap (in target 'BoxOfficer' from project 'BoxOfficer')
    cd /Users/nick/GitHub\ Local/BoxOfficer
    write-file /Users/nick/Library/Developer/Xcode/DerivedData/BoxOfficer-gkxyzipyhrenfigbggmkrxsqwque/Build/Intermediates.noindex/BoxOfficer.build/Debug-iphoneos/BoxOfficer.build/BoxOfficer-generated-files.hmap

WriteAuxiliaryFile /Users/nick/Library/Developer/Xcode/DerivedData/BoxOfficer-gkxyzipyhrenfigbggmkrxsqwque/Build/Intermediates.noindex/BoxOfficer.build/Debug-iphoneos/BoxOfficer.build/BoxOfficer-all-target-headers.hmap (in target 'BoxOfficer' from project 'BoxOfficer')
    cd /Users/nick/GitHub\ Local/BoxOfficer
    write-file /Users/nick/Library/Developer/Xcode/DerivedData/BoxOfficer-gkxyzipyhrenfigbggmkrxsqwque/Build/Intermediates.noindex/BoxOfficer.build/Debug-iphoneos/BoxOfficer.build/BoxOfficer-all-target-headers.hmap

WriteAuxiliaryFile /Users/nick/Library/Developer/Xcode/DerivedData/BoxOfficer-gkxyzipyhrenfigbggmkrxsqwque/Build/Intermediates.noindex/BoxOfficer.build/Debug-iphoneos/BoxOfficer.build/BoxOfficer-all-non-framework-target-headers.hmap (in target 'BoxOfficer' from project 'BoxOfficer')
    cd /Users/nick/GitHub\ Local/BoxOfficer
    write-file /Users/nick/Library/Developer/Xcode/DerivedData/BoxOfficer-gkxyzipyhrenfigbggmkrxsqwque/Build/Intermediates.noindex/BoxOfficer.build/Debug-iphoneos/BoxOfficer.build/BoxOfficer-all-non-framework-target-headers.hmap

WriteAuxiliaryFile /Users/nick/Library/Developer/Xcode/DerivedData/BoxOfficer-gkxyzipyhrenfigbggmkrxsqwque/Build/Intermediates.noindex/BoxOfficer.build/Debug-iphoneos/BoxOfficer.build/DerivedSources/Entitlements.plist (in target 'BoxOfficer' from project 'BoxOfficer')
    cd /Users/nick/GitHub\ Local/BoxOfficer
    write-file /Users/nick/Library/Developer/Xcode/DerivedData/BoxOfficer-gkxyzipyhrenfigbggmkrxsqwque/Build/Intermediates.noindex/BoxOfficer.build/Debug-iphoneos/BoxOfficer.build/DerivedSources/Entitlements.plist

WriteAuxiliaryFile /Users/nick/Library/Developer/Xcode/DerivedData/BoxOfficer-gkxyzipyhrenfigbggmkrxsqwque/Build/Intermediates.noindex/BoxOfficer.build/Debug-iphoneos/BoxOfficer.build/Objects-normal/arm64/BoxOfficer.SwiftConstValuesFileList (in target 'BoxOfficer' from project 'BoxOfficer')
    cd /Users/nick/GitHub\ Local/BoxOfficer
    write-file /Users/nick/Library/Developer/Xcode/DerivedData/BoxOfficer-gkxyzipyhrenfigbggmkrxsqwque/Build/Intermediates.noindex/BoxOfficer.build/Debug-iphoneos/BoxOfficer.build/Objects-normal/arm64/BoxOfficer.SwiftConstValuesFileList

WriteAuxiliaryFile /Users/nick/Library/Developer/Xcode/DerivedData/BoxOfficer-gkxyzipyhrenfigbggmkrxsqwque/Build/Intermediates.noindex/BoxOfficer.build/Debug-iphoneos/BoxOfficer.build/Objects-normal/arm64/BoxOfficer.LinkFileList (in target 'BoxOfficer' from project 'BoxOfficer')
    cd /Users/nick/GitHub\ Local/BoxOfficer
    write-file /Users/nick/Library/Developer/Xcode/DerivedData/BoxOfficer-gkxyzipyhrenfigbggmkrxsqwque/Build/Intermediates.noindex/BoxOfficer.build/Debug-iphoneos/BoxOfficer.build/Objects-normal/arm64/BoxOfficer.LinkFileList

WriteAuxiliaryFile /Users/nick/Library/Developer/Xcode/DerivedData/BoxOfficer-gkxyzipyhrenfigbggmkrxsqwque/Build/Intermediates.noindex/BoxOfficer.build/Debug-iphoneos/BoxOfficer.build/Objects-normal/arm64/BoxOfficer_const_extract_protocols.json (in target 'BoxOfficer' from project 'BoxOfficer')
    cd /Users/nick/GitHub\ Local/BoxOfficer
    write-file /Users/nick/Library/Developer/Xcode/DerivedData/BoxOfficer-gkxyzipyhrenfigbggmkrxsqwque/Build/Intermediates.noindex/BoxOfficer.build/Debug-iphoneos/BoxOfficer.build/Objects-normal/arm64/BoxOfficer_const_extract_protocols.json

WriteAuxiliaryFile /Users/nick/Library/Developer/Xcode/DerivedData/BoxOfficer-gkxyzipyhrenfigbggmkrxsqwque/Build/Intermediates.noindex/BoxOfficer.build/Debug-iphoneos/BoxOfficer.build/Objects-normal/arm64/BoxOfficer.SwiftFileList (in target 'BoxOfficer' from project 'BoxOfficer')
    cd /Users/nick/GitHub\ Local/BoxOfficer
    write-file /Users/nick/Library/Developer/Xcode/DerivedData/BoxOfficer-gkxyzipyhrenfigbggmkrxsqwque/Build/Intermediates.noindex/BoxOfficer.build/Debug-iphoneos/BoxOfficer.build/Objects-normal/arm64/BoxOfficer.SwiftFileList

WriteAuxiliaryFile /Users/nick/Library/Developer/Xcode/DerivedData/BoxOfficer-gkxyzipyhrenfigbggmkrxsqwque/Build/Intermediates.noindex/BoxOfficer.build/Debug-iphoneos/BoxOfficer.build/Objects-normal/arm64/BoxOfficer-OutputFileMap.json (in target 'BoxOfficer' from project 'BoxOfficer')
    cd /Users/nick/GitHub\ Local/BoxOfficer
    write-file /Users/nick/Library/Developer/Xcode/DerivedData/BoxOfficer-gkxyzipyhrenfigbggmkrxsqwque/Build/Intermediates.noindex/BoxOfficer.build/Debug-iphoneos/BoxOfficer.build/Objects-normal/arm64/BoxOfficer-OutputFileMap.json

WriteAuxiliaryFile /Users/nick/Library/Developer/Xcode/DerivedData/BoxOfficer-gkxyzipyhrenfigbggmkrxsqwque/Build/Intermediates.noindex/BoxOfficer.build/Debug-iphoneos/BoxOfficer.build/BoxOfficer.DependencyMetadataFileList (in target 'BoxOfficer' from project 'BoxOfficer')
    cd /Users/nick/GitHub\ Local/BoxOfficer
    write-file /Users/nick/Library/Developer/Xcode/DerivedData/BoxOfficer-gkxyzipyhrenfigbggmkrxsqwque/Build/Intermediates.noindex/BoxOfficer.build/Debug-iphoneos/BoxOfficer.build/BoxOfficer.DependencyMetadataFileList

WriteAuxiliaryFile /Users/nick/Library/Developer/Xcode/DerivedData/BoxOfficer-gkxyzipyhrenfigbggmkrxsqwque/Build/Intermediates.noindex/BoxOfficer.build/Debug-iphoneos/BoxOfficer.build/BoxOfficer.DependencyStaticMetadataFileList (in target 'BoxOfficer' from project 'BoxOfficer')
    cd /Users/nick/GitHub\ Local/BoxOfficer
    write-file /Users/nick/Library/Developer/Xcode/DerivedData/BoxOfficer-gkxyzipyhrenfigbggmkrxsqwque/Build/Intermediates.noindex/BoxOfficer.build/Debug-iphoneos/BoxOfficer.build/BoxOfficer.DependencyStaticMetadataFileList

WriteAuxiliaryFile /Users/nick/Library/Developer/Xcode/DerivedData/BoxOfficer-gkxyzipyhrenfigbggmkrxsqwque/Build/Intermediates.noindex/BoxOfficer.build/Debug-iphoneos/BoxOfficer.build/BoxOfficer-DebugDylibPath-normal-arm64.txt (in target 'BoxOfficer' from project 'BoxOfficer')
    cd /Users/nick/GitHub\ Local/BoxOfficer
    write-file /Users/nick/Library/Developer/Xcode/DerivedData/BoxOfficer-gkxyzipyhrenfigbggmkrxsqwque/Build/Intermediates.noindex/BoxOfficer.build/Debug-iphoneos/BoxOfficer.build/BoxOfficer-DebugDylibPath-normal-arm64.txt

WriteAuxiliaryFile /Users/nick/Library/Developer/Xcode/DerivedData/BoxOfficer-gkxyzipyhrenfigbggmkrxsqwque/Build/Intermediates.noindex/BoxOfficer.build/Debug-iphoneos/BoxOfficer.build/BoxOfficer-DebugDylibInstallName-normal-arm64.txt (in target 'BoxOfficer' from project 'BoxOfficer')
    cd /Users/nick/GitHub\ Local/BoxOfficer
    write-file /Users/nick/Library/Developer/Xcode/DerivedData/BoxOfficer-gkxyzipyhrenfigbggmkrxsqwque/Build/Intermediates.noindex/BoxOfficer.build/Debug-iphoneos/BoxOfficer.build/BoxOfficer-DebugDylibInstallName-normal-arm64.txt

MkDir /Users/nick/Library/Developer/Xcode/DerivedData/BoxOfficer-gkxyzipyhrenfigbggmkrxsqwque/Build/Products/Debug-iphoneos/BoxOfficer.app (in target 'BoxOfficer' from project 'BoxOfficer')
    cd /Users/nick/GitHub\ Local/BoxOfficer
    /bin/mkdir -p /Users/nick/Library/Developer/Xcode/DerivedData/BoxOfficer-gkxyzipyhrenfigbggmkrxsqwque/Build/Products/Debug-iphoneos/BoxOfficer.app

ProcessProductPackaging /Users/nick/Library/Developer/Xcode/UserData/Provisioning\ Profiles/cf897add-8561-4c05-853a-3ff89ca084eb.mobileprovision /Users/nick/Library/Developer/Xcode/DerivedData/BoxOfficer-gkxyzipyhrenfigbggmkrxsqwque/Build/Products/Debug-iphoneos/BoxOfficer.app/embedded.mobileprovision (in target 'BoxOfficer' from project 'BoxOfficer')
    cd /Users/nick/GitHub\ Local/BoxOfficer
    builtin-productPackagingUtility /Users/nick/Library/Developer/Xcode/UserData/Provisioning\ Profiles/cf897add-8561-4c05-853a-3ff89ca084eb.mobileprovision -o /Users/nick/Library/Developer/Xcode/DerivedData/BoxOfficer-gkxyzipyhrenfigbggmkrxsqwque/Build/Products/Debug-iphoneos/BoxOfficer.app/embedded.mobileprovision

ProcessProductPackaging "" /Users/nick/Library/Developer/Xcode/DerivedData/BoxOfficer-gkxyzipyhrenfigbggmkrxsqwque/Build/Intermediates.noindex/BoxOfficer.build/Debug-iphoneos/BoxOfficer.build/BoxOfficer.app.xcent (in target 'BoxOfficer' from project 'BoxOfficer')
    cd /Users/nick/GitHub\ Local/BoxOfficer
    
    Entitlements:
    
    {
    "application-identifier" = "WRVY4Q5HA5.HomieLabz.BoxOfficer";
    "com.apple.developer.team-identifier" = WRVY4Q5HA5;
    "get-task-allow" = 1;
}
    
    builtin-productPackagingUtility -entitlements -format xml -o /Users/nick/Library/Developer/Xcode/DerivedData/BoxOfficer-gkxyzipyhrenfigbggmkrxsqwque/Build/Intermediates.noindex/BoxOfficer.build/Debug-iphoneos/BoxOfficer.build/BoxOfficer.app.xcent

ProcessProductPackagingDER /Users/nick/Library/Developer/Xcode/DerivedData/BoxOfficer-gkxyzipyhrenfigbggmkrxsqwque/Build/Intermediates.noindex/BoxOfficer.build/Debug-iphoneos/BoxOfficer.build/BoxOfficer.app.xcent /Users/nick/Library/Developer/Xcode/DerivedData/BoxOfficer-gkxyzipyhrenfigbggmkrxsqwque/Build/Intermediates.noindex/BoxOfficer.build/Debug-iphoneos/BoxOfficer.build/BoxOfficer.app.xcent.der (in target 'BoxOfficer' from project 'BoxOfficer')
    cd /Users/nick/GitHub\ Local/BoxOfficer
    /usr/bin/derq query -f xml -i /Users/nick/Library/Developer/Xcode/DerivedData/BoxOfficer-gkxyzipyhrenfigbggmkrxsqwque/Build/Intermediates.noindex/BoxOfficer.build/Debug-iphoneos/BoxOfficer.build/BoxOfficer.app.xcent -o /Users/nick/Library/Developer/Xcode/DerivedData/BoxOfficer-gkxyzipyhrenfigbggmkrxsqwque/Build/Intermediates.noindex/BoxOfficer.build/Debug-iphoneos/BoxOfficer.build/BoxOfficer.app.xcent.der --raw

Ld /Users/nick/Library/Developer/Xcode/DerivedData/BoxOfficer-gkxyzipyhrenfigbggmkrxsqwque/Build/Products/Debug-iphoneos/BoxOfficer.app/__preview.dylib normal (in target 'BoxOfficer' from project 'BoxOfficer')
    cd /Users/nick/GitHub\ Local/BoxOfficer
    /Applications/Xcode.app/Contents/Developer/Toolchains/XcodeDefault.xctoolchain/usr/bin/clang -Xlinker -reproducible -target arm64-apple-ios15.6 -dynamiclib -isysroot /Applications/Xcode.app/Contents/Developer/Platforms/iPhoneOS.platform/Developer/SDKs/iPhoneOS26.2.sdk -O0 -L/Users/nick/Library/Developer/Xcode/DerivedData/BoxOfficer-gkxyzipyhrenfigbggmkrxsqwque/Build/Products/Debug-iphoneos -F/Users/nick/Library/Developer/Xcode/DerivedData/BoxOfficer-gkxyzipyhrenfigbggmkrxsqwque/Build/Products/Debug-iphoneos -install_name @rpath/BoxOfficer.debug.dylib -dead_strip -rdynamic -Xlinker -no_deduplicate -Xlinker -debug_variant -Xlinker -dependency_info -Xlinker /Users/nick/Library/Developer/Xcode/DerivedData/BoxOfficer-gkxyzipyhrenfigbggmkrxsqwque/Build/Intermediates.noindex/BoxOfficer.build/Debug-iphoneos/BoxOfficer.build/Objects-normal/arm64/BoxOfficer_dependency_info.dat -Xlinker -no_adhoc_codesign -o /Users/nick/Library/Developer/Xcode/DerivedData/BoxOfficer-gkxyzipyhrenfigbggmkrxsqwque/Build/Products/Debug-iphoneos/BoxOfficer.app/__preview.dylib

MkDir /Users/nick/Library/Developer/Xcode/DerivedData/BoxOfficer-gkxyzipyhrenfigbggmkrxsqwque/Build/Intermediates.noindex/BoxOfficer.build/Debug-iphoneos/BoxOfficer.build/assetcatalog_output/unthinned (in target 'BoxOfficer' from project 'BoxOfficer')
    cd /Users/nick/GitHub\ Local/BoxOfficer
    /bin/mkdir -p /Users/nick/Library/Developer/Xcode/DerivedData/BoxOfficer-gkxyzipyhrenfigbggmkrxsqwque/Build/Intermediates.noindex/BoxOfficer.build/Debug-iphoneos/BoxOfficer.build/assetcatalog_output/unthinned

GenerateAssetSymbols /Users/nick/GitHub\ Local/BoxOfficer/BoxOfficer/Assets.xcassets (in target 'BoxOfficer' from project 'BoxOfficer')
    cd /Users/nick/GitHub\ Local/BoxOfficer
    /Applications/Xcode.app/Contents/Developer/usr/bin/actool /Users/nick/GitHub\ Local/BoxOfficer/BoxOfficer/Assets.xcassets --compile /Users/nick/Library/Developer/Xcode/DerivedData/BoxOfficer-gkxyzipyhrenfigbggmkrxsqwque/Build/Products/Debug-iphoneos/BoxOfficer.app --output-format human-readable-text --notices --warnings --export-dependency-info /Users/nick/Library/Developer/Xcode/DerivedData/BoxOfficer-gkxyzipyhrenfigbggmkrxsqwque/Build/Intermediates.noindex/BoxOfficer.build/Debug-iphoneos/BoxOfficer.build/assetcatalog_dependencies --output-partial-info-plist /Users/nick/Library/Developer/Xcode/DerivedData/BoxOfficer-gkxyzipyhrenfigbggmkrxsqwque/Build/Intermediates.noindex/BoxOfficer.build/Debug-iphoneos/BoxOfficer.build/assetcatalog_generated_info.plist --app-icon AppIcon --accent-color AccentColor --compress-pngs --enable-on-demand-resources YES --development-region en --target-device iphone --minimum-deployment-target 15.6 --platform iphoneos --bundle-identifier HomieLabz.BoxOfficer --generate-swift-asset-symbols /Users/nick/Library/Developer/Xcode/DerivedData/BoxOfficer-gkxyzipyhrenfigbggmkrxsqwque/Build/Intermediates.noindex/BoxOfficer.build/Debug-iphoneos/BoxOfficer.build/DerivedSources/GeneratedAssetSymbols.swift --generate-objc-asset-symbols /Users/nick/Library/Developer/Xcode/DerivedData/BoxOfficer-gkxyzipyhrenfigbggmkrxsqwque/Build/Intermediates.noindex/BoxOfficer.build/Debug-iphoneos/BoxOfficer.build/DerivedSources/GeneratedAssetSymbols.h --generate-asset-symbol-index /Users/nick/Library/Developer/Xcode/DerivedData/BoxOfficer-gkxyzipyhrenfigbggmkrxsqwque/Build/Intermediates.noindex/BoxOfficer.build/Debug-iphoneos/BoxOfficer.build/DerivedSources/GeneratedAssetSymbols-Index.plist
/* com.apple.actool.compilation-results */
/Users/nick/Library/Developer/Xcode/DerivedData/BoxOfficer-gkxyzipyhrenfigbggmkrxsqwque/Build/Intermediates.noindex/BoxOfficer.build/Debug-iphoneos/BoxOfficer.build/DerivedSources/GeneratedAssetSymbols-Index.plist
/Users/nick/Library/Developer/Xcode/DerivedData/BoxOfficer-gkxyzipyhrenfigbggmkrxsqwque/Build/Intermediates.noindex/BoxOfficer.build/Debug-iphoneos/BoxOfficer.build/DerivedSources/GeneratedAssetSymbols.h
/Users/nick/Library/Developer/Xcode/DerivedData/BoxOfficer-gkxyzipyhrenfigbggmkrxsqwque/Build/Intermediates.noindex/BoxOfficer.build/Debug-iphoneos/BoxOfficer.build/DerivedSources/GeneratedAssetSymbols.swift


MkDir /Users/nick/Library/Developer/Xcode/DerivedData/BoxOfficer-gkxyzipyhrenfigbggmkrxsqwque/Build/Intermediates.noindex/BoxOfficer.build/Debug-iphoneos/BoxOfficer.build/assetcatalog_output/thinned (in target 'BoxOfficer' from project 'BoxOfficer')
    cd /Users/nick/GitHub\ Local/BoxOfficer
    /bin/mkdir -p /Users/nick/Library/Developer/Xcode/DerivedData/BoxOfficer-gkxyzipyhrenfigbggmkrxsqwque/Build/Intermediates.noindex/BoxOfficer.build/Debug-iphoneos/BoxOfficer.build/assetcatalog_output/thinned

CompileAssetCatalogVariant thinned /Users/nick/Library/Developer/Xcode/DerivedData/BoxOfficer-gkxyzipyhrenfigbggmkrxsqwque/Build/Products/Debug-iphoneos/BoxOfficer.app /Users/nick/GitHub\ Local/BoxOfficer/BoxOfficer/Assets.xcassets (in target 'BoxOfficer' from project 'BoxOfficer')
    cd /Users/nick/GitHub\ Local/BoxOfficer
    /Applications/Xcode.app/Contents/Developer/usr/bin/actool /Users/nick/GitHub\ Local/BoxOfficer/BoxOfficer/Assets.xcassets --compile /Users/nick/Library/Developer/Xcode/DerivedData/BoxOfficer-gkxyzipyhrenfigbggmkrxsqwque/Build/Intermediates.noindex/BoxOfficer.build/Debug-iphoneos/BoxOfficer.build/assetcatalog_output/thinned --output-format human-readable-text --notices --warnings --export-dependency-info /Users/nick/Library/Developer/Xcode/DerivedData/BoxOfficer-gkxyzipyhrenfigbggmkrxsqwque/Build/Intermediates.noindex/BoxOfficer.build/Debug-iphoneos/BoxOfficer.build/assetcatalog_dependencies_thinned --output-partial-info-plist /Users/nick/Library/Developer/Xcode/DerivedData/BoxOfficer-gkxyzipyhrenfigbggmkrxsqwque/Build/Intermediates.noindex/BoxOfficer.build/Debug-iphoneos/BoxOfficer.build/assetcatalog_generated_info.plist_thinned --app-icon AppIcon --accent-color AccentColor --compress-pngs --enable-on-demand-resources YES --development-region en --target-device iphone --minimum-deployment-target 15.6 --platform iphoneos
/* com.apple.actool.notices */
/Users/nick/GitHub Local/BoxOfficer/BoxOfficer/Assets.xcassets: warning: Accent color ‘AccentColor’ is not present in any asset catalogs.
/* com.apple.actool.compilation-results */
/Users/nick/Library/Developer/Xcode/DerivedData/BoxOfficer-gkxyzipyhrenfigbggmkrxsqwque/Build/Intermediates.noindex/BoxOfficer.build/Debug-iphoneos/BoxOfficer.build/assetcatalog_generated_info.plist_thinned
/Users/nick/Library/Developer/Xcode/DerivedData/BoxOfficer-gkxyzipyhrenfigbggmkrxsqwque/Build/Intermediates.noindex/BoxOfficer.build/Debug-iphoneos/BoxOfficer.build/assetcatalog_output/thinned/AppIcon60x60@2x.png
/Users/nick/Library/Developer/Xcode/DerivedData/BoxOfficer-gkxyzipyhrenfigbggmkrxsqwque/Build/Intermediates.noindex/BoxOfficer.build/Debug-iphoneos/BoxOfficer.build/assetcatalog_output/thinned/AppIcon76x76@2x~ipad.png
/Users/nick/Library/Developer/Xcode/DerivedData/BoxOfficer-gkxyzipyhrenfigbggmkrxsqwque/Build/Intermediates.noindex/BoxOfficer.build/Debug-iphoneos/BoxOfficer.build/assetcatalog_output/thinned/Assets.car


SwiftDriver BoxOfficer normal arm64 com.apple.xcode.tools.swift.compiler (in target 'BoxOfficer' from project 'BoxOfficer')
    cd /Users/nick/GitHub\ Local/BoxOfficer
    builtin-SwiftDriver -- /Applications/Xcode.app/Contents/Developer/Toolchains/XcodeDefault.xctoolchain/usr/bin/swiftc -module-name BoxOfficer -Onone -enforce-exclusivity\=checked @/Users/nick/Library/Developer/Xcode/DerivedData/BoxOfficer-gkxyzipyhrenfigbggmkrxsqwque/Build/Intermediates.noindex/BoxOfficer.build/Debug-iphoneos/BoxOfficer.build/Objects-normal/arm64/BoxOfficer.SwiftFileList -DDEBUG -default-isolation\=MainActor -enable-bare-slash-regex -enable-upcoming-feature DisableOutwardActorInference -enable-upcoming-feature InferSendableFromCaptures -enable-upcoming-feature GlobalActorIsolatedTypesUsability -enable-upcoming-feature MemberImportVisibility -enable-upcoming-feature InferIsolatedConformances -enable-upcoming-feature NonisolatedNonsendingByDefault -enable-experimental-feature DebugDescriptionMacro -sdk /Applications/Xcode.app/Contents/Developer/Platforms/iPhoneOS.platform/Developer/SDKs/iPhoneOS26.2.sdk -target arm64-apple-ios15.6 -g -module-cache-path /Users/nick/Library/Developer/Xcode/DerivedData/ModuleCache.noindex -Xfrontend -serialize-debugging-options -profile-coverage-mapping -profile-generate -enable-testing -index-store-path /Users/nick/Library/Developer/Xcode/DerivedData/BoxOfficer-gkxyzipyhrenfigbggmkrxsqwque/Index.noindex/DataStore -Xcc -D_LIBCPP_HARDENING_MODE\=_LIBCPP_HARDENING_MODE_DEBUG -swift-version 5 -I /Users/nick/Library/Developer/Xcode/DerivedData/BoxOfficer-gkxyzipyhrenfigbggmkrxsqwque/Build/Products/Debug-iphoneos -F /Users/nick/Library/Developer/Xcode/DerivedData/BoxOfficer-gkxyzipyhrenfigbggmkrxsqwque/Build/Products/Debug-iphoneos -emit-localized-strings -emit-localized-strings-path /Users/nick/Library/Developer/Xcode/DerivedData/BoxOfficer-gkxyzipyhrenfigbggmkrxsqwque/Build/Intermediates.noindex/BoxOfficer.build/Debug-iphoneos/BoxOfficer.build/Objects-normal/arm64 -c -j14 -enable-batch-mode -incremental -Xcc -ivfsstatcache -Xcc /Users/nick/Library/Developer/Xcode/DerivedData/SDKStatCaches.noindex/iphoneos26.2-23C53-3885c01c3e6b6a337905948deab2002e3794476bd08197c3e2abd9bb477ef7f7.sdkstatcache -output-file-map /Users/nick/Library/Developer/Xcode/DerivedData/BoxOfficer-gkxyzipyhrenfigbggmkrxsqwque/Build/Intermediates.noindex/BoxOfficer.build/Debug-iphoneos/BoxOfficer.build/Objects-normal/arm64/BoxOfficer-OutputFileMap.json -use-frontend-parseable-output -save-temps -no-color-diagnostics -explicit-module-build -module-cache-path /Users/nick/Library/Developer/Xcode/DerivedData/BoxOfficer-gkxyzipyhrenfigbggmkrxsqwque/Build/Intermediates.noindex/SwiftExplicitPrecompiledModules -clang-scanner-module-cache-path /Users/nick/Library/Developer/Xcode/DerivedData/ModuleCache.noindex -sdk-module-cache-path /Users/nick/Library/Developer/Xcode/DerivedData/ModuleCache.noindex -serialize-diagnostics -emit-dependencies -emit-module -emit-module-path /Users/nick/Library/Developer/Xcode/DerivedData/BoxOfficer-gkxyzipyhrenfigbggmkrxsqwque/Build/Intermediates.noindex/BoxOfficer.build/Debug-iphoneos/BoxOfficer.build/Objects-normal/arm64/BoxOfficer.swiftmodule -validate-clang-modules-once -clang-build-session-file /Users/nick/Library/Developer/Xcode/DerivedData/ModuleCache.noindex/Session.modulevalidation -Xcc -I/Users/nick/Library/Developer/Xcode/DerivedData/BoxOfficer-gkxyzipyhrenfigbggmkrxsqwque/Build/Intermediates.noindex/BoxOfficer.build/Debug-iphoneos/BoxOfficer.build/swift-overrides.hmap -emit-const-values -Xfrontend -const-gather-protocols-file -Xfrontend /Users/nick/Library/Developer/Xcode/DerivedData/BoxOfficer-gkxyzipyhrenfigbggmkrxsqwque/Build/Intermediates.noindex/BoxOfficer.build/Debug-iphoneos/BoxOfficer.build/Objects-normal/arm64/BoxOfficer_const_extract_protocols.json -Xcc -iquote -Xcc /Users/nick/Library/Developer/Xcode/DerivedData/BoxOfficer-gkxyzipyhrenfigbggmkrxsqwque/Build/Intermediates.noindex/BoxOfficer.build/Debug-iphoneos/BoxOfficer.build/BoxOfficer-generated-files.hmap -Xcc -I/Users/nick/Library/Developer/Xcode/DerivedData/BoxOfficer-gkxyzipyhrenfigbggmkrxsqwque/Build/Intermediates.noindex/BoxOfficer.build/Debug-iphoneos/BoxOfficer.build/BoxOfficer-own-target-headers.hmap -Xcc -I/Users/nick/Library/Developer/Xcode/DerivedData/BoxOfficer-gkxyzipyhrenfigbggmkrxsqwque/Build/Intermediates.noindex/BoxOfficer.build/Debug-iphoneos/BoxOfficer.build/BoxOfficer-all-target-headers.hmap -Xcc -iquote -Xcc /Users/nick/Library/Developer/Xcode/DerivedData/BoxOfficer-gkxyzipyhrenfigbggmkrxsqwque/Build/Intermediates.noindex/BoxOfficer.build/Debug-iphoneos/BoxOfficer.build/BoxOfficer-project-headers.hmap -Xcc -I/Users/nick/Library/Developer/Xcode/DerivedData/BoxOfficer-gkxyzipyhrenfigbggmkrxsqwque/Build/Products/Debug-iphoneos/include -Xcc -I/Users/nick/Library/Developer/Xcode/DerivedData/BoxOfficer-gkxyzipyhrenfigbggmkrxsqwque/Build/Intermediates.noindex/BoxOfficer.build/Debug-iphoneos/BoxOfficer.build/DerivedSources-normal/arm64 -Xcc -I/Users/nick/Library/Developer/Xcode/DerivedData/BoxOfficer-gkxyzipyhrenfigbggmkrxsqwque/Build/Intermediates.noindex/BoxOfficer.build/Debug-iphoneos/BoxOfficer.build/DerivedSources/arm64 -Xcc -I/Users/nick/Library/Developer/Xcode/DerivedData/BoxOfficer-gkxyzipyhrenfigbggmkrxsqwque/Build/Intermediates.noindex/BoxOfficer.build/Debug-iphoneos/BoxOfficer.build/DerivedSources -Xcc -DDEBUG\=1 -emit-objc-header -emit-objc-header-path /Users/nick/Library/Developer/Xcode/DerivedData/BoxOfficer-gkxyzipyhrenfigbggmkrxsqwque/Build/Intermediates.noindex/BoxOfficer.build/Debug-iphoneos/BoxOfficer.build/Objects-normal/arm64/BoxOfficer-Swift.h -working-directory /Users/nick/GitHub\ Local/BoxOfficer -experimental-emit-module-separately -disable-cmo

SwiftCompile normal arm64 Compiling\ Formatters.swift,\ BoxOfficeHistoryChart.swift /Users/nick/GitHub\ Local/BoxOfficer/BoxOfficer/Utilities/Formatters.swift /Users/nick/GitHub\ Local/BoxOfficer/BoxOfficer/BoxOfficeHistoryChart.swift (in target 'BoxOfficer' from project 'BoxOfficer')
SwiftCompile normal arm64 /Users/nick/GitHub\ Local/BoxOfficer/BoxOfficer/Utilities/Formatters.swift (in target 'BoxOfficer' from project 'BoxOfficer')
    cd /Users/nick/GitHub\ Local/BoxOfficer
    

SwiftCompile normal arm64 /Users/nick/GitHub\ Local/BoxOfficer/BoxOfficer/BoxOfficeHistoryChart.swift (in target 'BoxOfficer' from project 'BoxOfficer')
    cd /Users/nick/GitHub\ Local/BoxOfficer
    

SwiftCompile normal arm64 Compiling\ BoxOfficerApp.swift,\ CompareFilmsView.swift /Users/nick/GitHub\ Local/BoxOfficer/BoxOfficer/BoxOfficerApp.swift /Users/nick/GitHub\ Local/BoxOfficer/BoxOfficer/CompareFilmsView.swift (in target 'BoxOfficer' from project 'BoxOfficer')
SwiftCompile normal arm64 /Users/nick/GitHub\ Local/BoxOfficer/BoxOfficer/BoxOfficerApp.swift (in target 'BoxOfficer' from project 'BoxOfficer')
    cd /Users/nick/GitHub\ Local/BoxOfficer
    

SwiftCompile normal arm64 /Users/nick/GitHub\ Local/BoxOfficer/BoxOfficer/CompareFilmsView.swift (in target 'BoxOfficer' from project 'BoxOfficer')
    cd /Users/nick/GitHub\ Local/BoxOfficer
    

SwiftCompile normal arm64 Compiling\ TraktManager.swift,\ TraktService.swift /Users/nick/GitHub\ Local/BoxOfficer/BoxOfficer/Services/TraktManager.swift /Users/nick/GitHub\ Local/BoxOfficer/BoxOfficer/Services/TraktService.swift (in target 'BoxOfficer' from project 'BoxOfficer')

SwiftCompile normal arm64 /Users/nick/GitHub\ Local/BoxOfficer/BoxOfficer/Services/TraktManager.swift (in target 'BoxOfficer' from project 'BoxOfficer')
    cd /Users/nick/GitHub\ Local/BoxOfficer
    

SwiftCompile normal arm64 /Users/nick/GitHub\ Local/BoxOfficer/BoxOfficer/Services/TraktService.swift (in target 'BoxOfficer' from project 'BoxOfficer')
    cd /Users/nick/GitHub\ Local/BoxOfficer
    

SwiftCompile normal arm64 Compiling\ TMDBModels.swift,\ TraktModels.swift /Users/nick/GitHub\ Local/BoxOfficer/BoxOfficer/Models/TMDBModels.swift /Users/nick/GitHub\ Local/BoxOfficer/BoxOfficer/Models/TraktModels.swift (in target 'BoxOfficer' from project 'BoxOfficer')

SwiftCompile normal arm64 /Users/nick/GitHub\ Local/BoxOfficer/BoxOfficer/Models/TMDBModels.swift (in target 'BoxOfficer' from project 'BoxOfficer')
    cd /Users/nick/GitHub\ Local/BoxOfficer
    

SwiftCompile normal arm64 /Users/nick/GitHub\ Local/BoxOfficer/BoxOfficer/Models/TraktModels.swift (in target 'BoxOfficer' from project 'BoxOfficer')
    cd /Users/nick/GitHub\ Local/BoxOfficer
    

SwiftCompile normal arm64 Compiling\ TMDBManager.swift,\ TMDBService.swift /Users/nick/GitHub\ Local/BoxOfficer/BoxOfficer/Services/TMDBManager.swift /Users/nick/GitHub\ Local/BoxOfficer/BoxOfficer/Services/TMDBService.swift (in target 'BoxOfficer' from project 'BoxOfficer')

SwiftCompile normal arm64 /Users/nick/GitHub\ Local/BoxOfficer/BoxOfficer/Services/TMDBManager.swift (in target 'BoxOfficer' from project 'BoxOfficer')
    cd /Users/nick/GitHub\ Local/BoxOfficer
    

SwiftCompile normal arm64 /Users/nick/GitHub\ Local/BoxOfficer/BoxOfficer/Services/TMDBService.swift (in target 'BoxOfficer' from project 'BoxOfficer')
    cd /Users/nick/GitHub\ Local/BoxOfficer
    

SwiftCompile normal arm64 Compiling\ ContentView.swift,\ Film.swift /Users/nick/GitHub\ Local/BoxOfficer/BoxOfficer/ContentView.swift /Users/nick/GitHub\ Local/BoxOfficer/BoxOfficer/Film.swift (in target 'BoxOfficer' from project 'BoxOfficer')

SwiftCompile normal arm64 /Users/nick/GitHub\ Local/BoxOfficer/BoxOfficer/ContentView.swift (in target 'BoxOfficer' from project 'BoxOfficer')
    cd /Users/nick/GitHub\ Local/BoxOfficer
    

SwiftCompile normal arm64 /Users/nick/GitHub\ Local/BoxOfficer/BoxOfficer/Film.swift (in target 'BoxOfficer' from project 'BoxOfficer')
    cd /Users/nick/GitHub\ Local/BoxOfficer
    

SwiftCompile normal arm64 Compiling\ HomeView.swift,\ Item.swift /Users/nick/GitHub\ Local/BoxOfficer/BoxOfficer/HomeView.swift /Users/nick/GitHub\ Local/BoxOfficer/BoxOfficer/Item.swift (in target 'BoxOfficer' from project 'BoxOfficer')
SwiftCompile normal arm64 /Users/nick/GitHub\ Local/BoxOfficer/BoxOfficer/HomeView.swift (in target 'BoxOfficer' from project 'BoxOfficer')
    cd /Users/nick/GitHub\ Local/BoxOfficer
    

SwiftCompile normal arm64 /Users/nick/GitHub\ Local/BoxOfficer/BoxOfficer/Item.swift (in target 'BoxOfficer' from project 'BoxOfficer')
    cd /Users/nick/GitHub\ Local/BoxOfficer
    

SwiftCompile normal arm64 Compiling\ NotificationsView.swift /Users/nick/GitHub\ Local/BoxOfficer/BoxOfficer/NotificationsView.swift (in target 'BoxOfficer' from project 'BoxOfficer')

SwiftCompile normal arm64 /Users/nick/GitHub\ Local/BoxOfficer/BoxOfficer/NotificationsView.swift (in target 'BoxOfficer' from project 'BoxOfficer')
    cd /Users/nick/GitHub\ Local/BoxOfficer
    

SwiftCompile normal arm64 Compiling\ SettingsView.swift /Users/nick/GitHub\ Local/BoxOfficer/BoxOfficer/SettingsView.swift (in target 'BoxOfficer' from project 'BoxOfficer')

SwiftCompile normal arm64 /Users/nick/GitHub\ Local/BoxOfficer/BoxOfficer/SettingsView.swift (in target 'BoxOfficer' from project 'BoxOfficer')
    cd /Users/nick/GitHub\ Local/BoxOfficer
    

SwiftCompile normal arm64 Compiling\ FilmDetailView.swift,\ FilmRowView.swift /Users/nick/GitHub\ Local/BoxOfficer/BoxOfficer/FilmDetailView.swift /Users/nick/GitHub\ Local/BoxOfficer/BoxOfficer/FilmRowView.swift (in target 'BoxOfficer' from project 'BoxOfficer')

SwiftCompile normal arm64 /Users/nick/GitHub\ Local/BoxOfficer/BoxOfficer/FilmDetailView.swift (in target 'BoxOfficer' from project 'BoxOfficer')
    cd /Users/nick/GitHub\ Local/BoxOfficer
    

SwiftCompile normal arm64 /Users/nick/GitHub\ Local/BoxOfficer/BoxOfficer/FilmRowView.swift (in target 'BoxOfficer' from project 'BoxOfficer')
    cd /Users/nick/GitHub\ Local/BoxOfficer
    

SwiftCompile normal arm64 Compiling\ RottenTomatoesView.swift /Users/nick/GitHub\ Local/BoxOfficer/BoxOfficer/RottenTomatoesView.swift (in target 'BoxOfficer' from project 'BoxOfficer')

SwiftCompile normal arm64 /Users/nick/GitHub\ Local/BoxOfficer/BoxOfficer/RottenTomatoesView.swift (in target 'BoxOfficer' from project 'BoxOfficer')
    cd /Users/nick/GitHub\ Local/BoxOfficer
    

SwiftCompile normal arm64 Compiling\ MainTabView.swift /Users/nick/GitHub\ Local/BoxOfficer/BoxOfficer/MainTabView.swift (in target 'BoxOfficer' from project 'BoxOfficer')

SwiftCompile normal arm64 /Users/nick/GitHub\ Local/BoxOfficer/BoxOfficer/MainTabView.swift (in target 'BoxOfficer' from project 'BoxOfficer')
    cd /Users/nick/GitHub\ Local/BoxOfficer
    

SwiftEmitModule normal arm64 Emitting\ module\ for\ BoxOfficer (in target 'BoxOfficer' from project 'BoxOfficer')

EmitSwiftModule normal arm64 (in target 'BoxOfficer' from project 'BoxOfficer')
    cd /Users/nick/GitHub\ Local/BoxOfficer
    

SwiftCompile normal arm64 Compiling\ GeneratedAssetSymbols.swift /Users/nick/Library/Developer/Xcode/DerivedData/BoxOfficer-gkxyzipyhrenfigbggmkrxsqwque/Build/Intermediates.noindex/BoxOfficer.build/Debug-iphoneos/BoxOfficer.build/DerivedSources/GeneratedAssetSymbols.swift (in target 'BoxOfficer' from project 'BoxOfficer')

SwiftCompile normal arm64 /Users/nick/Library/Developer/Xcode/DerivedData/BoxOfficer-gkxyzipyhrenfigbggmkrxsqwque/Build/Intermediates.noindex/BoxOfficer.build/Debug-iphoneos/BoxOfficer.build/DerivedSources/GeneratedAssetSymbols.swift (in target 'BoxOfficer' from project 'BoxOfficer')
    cd /Users/nick/GitHub\ Local/BoxOfficer
    

LinkAssetCatalog /Users/nick/GitHub\ Local/BoxOfficer/BoxOfficer/Assets.xcassets (in target 'BoxOfficer' from project 'BoxOfficer')
    cd /Users/nick/GitHub\ Local/BoxOfficer
    builtin-linkAssetCatalog --thinned /Users/nick/Library/Developer/Xcode/DerivedData/BoxOfficer-gkxyzipyhrenfigbggmkrxsqwque/Build/Intermediates.noindex/BoxOfficer.build/Debug-iphoneos/BoxOfficer.build/assetcatalog_output/thinned --thinned-dependencies /Users/nick/Library/Developer/Xcode/DerivedData/BoxOfficer-gkxyzipyhrenfigbggmkrxsqwque/Build/Intermediates.noindex/BoxOfficer.build/Debug-iphoneos/BoxOfficer.build/assetcatalog_dependencies_thinned --thinned-info-plist-content /Users/nick/Library/Developer/Xcode/DerivedData/BoxOfficer-gkxyzipyhrenfigbggmkrxsqwque/Build/Intermediates.noindex/BoxOfficer.build/Debug-iphoneos/BoxOfficer.build/assetcatalog_generated_info.plist_thinned --unthinned /Users/nick/Library/Developer/Xcode/DerivedData/BoxOfficer-gkxyzipyhrenfigbggmkrxsqwque/Build/Intermediates.noindex/BoxOfficer.build/Debug-iphoneos/BoxOfficer.build/assetcatalog_output/unthinned --unthinned-dependencies /Users/nick/Library/Developer/Xcode/DerivedData/BoxOfficer-gkxyzipyhrenfigbggmkrxsqwque/Build/Intermediates.noindex/BoxOfficer.build/Debug-iphoneos/BoxOfficer.build/assetcatalog_dependencies_unthinned --unthinned-info-plist-content /Users/nick/Library/Developer/Xcode/DerivedData/BoxOfficer-gkxyzipyhrenfigbggmkrxsqwque/Build/Intermediates.noindex/BoxOfficer.build/Debug-iphoneos/BoxOfficer.build/assetcatalog_generated_info.plist_unthinned --output /Users/nick/Library/Developer/Xcode/DerivedData/BoxOfficer-gkxyzipyhrenfigbggmkrxsqwque/Build/Products/Debug-iphoneos/BoxOfficer.app --plist-output /Users/nick/Library/Developer/Xcode/DerivedData/BoxOfficer-gkxyzipyhrenfigbggmkrxsqwque/Build/Intermediates.noindex/BoxOfficer.build/Debug-iphoneos/BoxOfficer.build/assetcatalog_generated_info.plist
note: Emplaced /Users/nick/Library/Developer/Xcode/DerivedData/BoxOfficer-gkxyzipyhrenfigbggmkrxsqwque/Build/Products/Debug-iphoneos/BoxOfficer.app/AppIcon60x60@2x.png (in target 'BoxOfficer' from project 'BoxOfficer')
note: Emplaced /Users/nick/Library/Developer/Xcode/DerivedData/BoxOfficer-gkxyzipyhrenfigbggmkrxsqwque/Build/Products/Debug-iphoneos/BoxOfficer.app/Assets.car (in target 'BoxOfficer' from project 'BoxOfficer')
note: Emplaced /Users/nick/Library/Developer/Xcode/DerivedData/BoxOfficer-gkxyzipyhrenfigbggmkrxsqwque/Build/Products/Debug-iphoneos/BoxOfficer.app/AppIcon76x76@2x~ipad.png (in target 'BoxOfficer' from project 'BoxOfficer')

SwiftDriverJobDiscovery normal arm64 Compiling GeneratedAssetSymbols.swift (in target 'BoxOfficer' from project 'BoxOfficer')

SwiftCompile normal arm64 Compiling\ WatchlistView.swift /Users/nick/GitHub\ Local/BoxOfficer/BoxOfficer/WatchlistView.swift (in target 'BoxOfficer' from project 'BoxOfficer')

SwiftCompile normal arm64 /Users/nick/GitHub\ Local/BoxOfficer/BoxOfficer/WatchlistView.swift (in target 'BoxOfficer' from project 'BoxOfficer')
    cd /Users/nick/GitHub\ Local/BoxOfficer
    

ProcessInfoPlistFile /Users/nick/Library/Developer/Xcode/DerivedData/BoxOfficer-gkxyzipyhrenfigbggmkrxsqwque/Build/Products/Debug-iphoneos/BoxOfficer.app/Info.plist /Users/nick/Library/Developer/Xcode/DerivedData/BoxOfficer-gkxyzipyhrenfigbggmkrxsqwque/Build/Intermediates.noindex/BoxOfficer.build/Debug-iphoneos/BoxOfficer.build/empty-BoxOfficer.plist (in target 'BoxOfficer' from project 'BoxOfficer')
    cd /Users/nick/GitHub\ Local/BoxOfficer
    builtin-infoPlistUtility /Users/nick/Library/Developer/Xcode/DerivedData/BoxOfficer-gkxyzipyhrenfigbggmkrxsqwque/Build/Intermediates.noindex/BoxOfficer.build/Debug-iphoneos/BoxOfficer.build/empty-BoxOfficer.plist -producttype com.apple.product-type.application -genpkginfo /Users/nick/Library/Developer/Xcode/DerivedData/BoxOfficer-gkxyzipyhrenfigbggmkrxsqwque/Build/Products/Debug-iphoneos/BoxOfficer.app/PkgInfo -expandbuildsettings -format binary -platform iphoneos -additionalcontentfile /Users/nick/Library/Developer/Xcode/DerivedData/BoxOfficer-gkxyzipyhrenfigbggmkrxsqwque/Build/Intermediates.noindex/BoxOfficer.build/Debug-iphoneos/BoxOfficer.build/assetcatalog_generated_info.plist -requiredArchitecture arm64 -o /Users/nick/Library/Developer/Xcode/DerivedData/BoxOfficer-gkxyzipyhrenfigbggmkrxsqwque/Build/Products/Debug-iphoneos/BoxOfficer.app/Info.plist

SwiftDriverJobDiscovery normal arm64 Compiling MainTabView.swift (in target 'BoxOfficer' from project 'BoxOfficer')

SwiftDriverJobDiscovery normal arm64 Compiling TraktManager.swift, TraktService.swift (in target 'BoxOfficer' from project 'BoxOfficer')

SwiftDriverJobDiscovery normal arm64 Compiling RottenTomatoesView.swift (in target 'BoxOfficer' from project 'BoxOfficer')

SwiftDriverJobDiscovery normal arm64 Compiling Formatters.swift, BoxOfficeHistoryChart.swift (in target 'BoxOfficer' from project 'BoxOfficer')

SwiftDriverJobDiscovery normal arm64 Compiling TMDBManager.swift, TMDBService.swift (in target 'BoxOfficer' from project 'BoxOfficer')

SwiftDriverJobDiscovery normal arm64 Compiling TMDBModels.swift, TraktModels.swift (in target 'BoxOfficer' from project 'BoxOfficer')

SwiftDriverJobDiscovery normal arm64 Compiling ContentView.swift, Film.swift (in target 'BoxOfficer' from project 'BoxOfficer')

SwiftDriverJobDiscovery normal arm64 Emitting module for BoxOfficer (in target 'BoxOfficer' from project 'BoxOfficer')

SwiftDriver\ Compilation\ Requirements BoxOfficer normal arm64 com.apple.xcode.tools.swift.compiler (in target 'BoxOfficer' from project 'BoxOfficer')
    cd /Users/nick/GitHub\ Local/BoxOfficer
    builtin-Swift-Compilation-Requirements -- /Applications/Xcode.app/Contents/Developer/Toolchains/XcodeDefault.xctoolchain/usr/bin/swiftc -module-name BoxOfficer -Onone -enforce-exclusivity\=checked @/Users/nick/Library/Developer/Xcode/DerivedData/BoxOfficer-gkxyzipyhrenfigbggmkrxsqwque/Build/Intermediates.noindex/BoxOfficer.build/Debug-iphoneos/BoxOfficer.build/Objects-normal/arm64/BoxOfficer.SwiftFileList -DDEBUG -default-isolation\=MainActor -enable-bare-slash-regex -enable-upcoming-feature DisableOutwardActorInference -enable-upcoming-feature InferSendableFromCaptures -enable-upcoming-feature GlobalActorIsolatedTypesUsability -enable-upcoming-feature MemberImportVisibility -enable-upcoming-feature InferIsolatedConformances -enable-upcoming-feature NonisolatedNonsendingByDefault -enable-experimental-feature DebugDescriptionMacro -sdk /Applications/Xcode.app/Contents/Developer/Platforms/iPhoneOS.platform/Developer/SDKs/iPhoneOS26.2.sdk -target arm64-apple-ios15.6 -g -module-cache-path /Users/nick/Library/Developer/Xcode/DerivedData/ModuleCache.noindex -Xfrontend -serialize-debugging-options -profile-coverage-mapping -profile-generate -enable-testing -index-store-path /Users/nick/Library/Developer/Xcode/DerivedData/BoxOfficer-gkxyzipyhrenfigbggmkrxsqwque/Index.noindex/DataStore -Xcc -D_LIBCPP_HARDENING_MODE\=_LIBCPP_HARDENING_MODE_DEBUG -swift-version 5 -I /Users/nick/Library/Developer/Xcode/DerivedData/BoxOfficer-gkxyzipyhrenfigbggmkrxsqwque/Build/Products/Debug-iphoneos -F /Users/nick/Library/Developer/Xcode/DerivedData/BoxOfficer-gkxyzipyhrenfigbggmkrxsqwque/Build/Products/Debug-iphoneos -emit-localized-strings -emit-localized-strings-path /Users/nick/Library/Developer/Xcode/DerivedData/BoxOfficer-gkxyzipyhrenfigbggmkrxsqwque/Build/Intermediates.noindex/BoxOfficer.build/Debug-iphoneos/BoxOfficer.build/Objects-normal/arm64 -c -j14 -enable-batch-mode -incremental -Xcc -ivfsstatcache -Xcc /Users/nick/Library/Developer/Xcode/DerivedData/SDKStatCaches.noindex/iphoneos26.2-23C53-3885c01c3e6b6a337905948deab2002e3794476bd08197c3e2abd9bb477ef7f7.sdkstatcache -output-file-map /Users/nick/Library/Developer/Xcode/DerivedData/BoxOfficer-gkxyzipyhrenfigbggmkrxsqwque/Build/Intermediates.noindex/BoxOfficer.build/Debug-iphoneos/BoxOfficer.build/Objects-normal/arm64/BoxOfficer-OutputFileMap.json -use-frontend-parseable-output -save-temps -no-color-diagnostics -explicit-module-build -module-cache-path /Users/nick/Library/Developer/Xcode/DerivedData/BoxOfficer-gkxyzipyhrenfigbggmkrxsqwque/Build/Intermediates.noindex/SwiftExplicitPrecompiledModules -clang-scanner-module-cache-path /Users/nick/Library/Developer/Xcode/DerivedData/ModuleCache.noindex -sdk-module-cache-path /Users/nick/Library/Developer/Xcode/DerivedData/ModuleCache.noindex -serialize-diagnostics -emit-dependencies -emit-module -emit-module-path /Users/nick/Library/Developer/Xcode/DerivedData/BoxOfficer-gkxyzipyhrenfigbggmkrxsqwque/Build/Intermediates.noindex/BoxOfficer.build/Debug-iphoneos/BoxOfficer.build/Objects-normal/arm64/BoxOfficer.swiftmodule -validate-clang-modules-once -clang-build-session-file /Users/nick/Library/Developer/Xcode/DerivedData/ModuleCache.noindex/Session.modulevalidation -Xcc -I/Users/nick/Library/Developer/Xcode/DerivedData/BoxOfficer-gkxyzipyhrenfigbggmkrxsqwque/Build/Intermediates.noindex/BoxOfficer.build/Debug-iphoneos/BoxOfficer.build/swift-overrides.hmap -emit-const-values -Xfrontend -const-gather-protocols-file -Xfrontend /Users/nick/Library/Developer/Xcode/DerivedData/BoxOfficer-gkxyzipyhrenfigbggmkrxsqwque/Build/Intermediates.noindex/BoxOfficer.build/Debug-iphoneos/BoxOfficer.build/Objects-normal/arm64/BoxOfficer_const_extract_protocols.json -Xcc -iquote -Xcc /Users/nick/Library/Developer/Xcode/DerivedData/BoxOfficer-gkxyzipyhrenfigbggmkrxsqwque/Build/Intermediates.noindex/BoxOfficer.build/Debug-iphoneos/BoxOfficer.build/BoxOfficer-generated-files.hmap -Xcc -I/Users/nick/Library/Developer/Xcode/DerivedData/BoxOfficer-gkxyzipyhrenfigbggmkrxsqwque/Build/Intermediates.noindex/BoxOfficer.build/Debug-iphoneos/BoxOfficer.build/BoxOfficer-own-target-headers.hmap -Xcc -I/Users/nick/Library/Developer/Xcode/DerivedData/BoxOfficer-gkxyzipyhrenfigbggmkrxsqwque/Build/Intermediates.noindex/BoxOfficer.build/Debug-iphoneos/BoxOfficer.build/BoxOfficer-all-target-headers.hmap -Xcc -iquote -Xcc /Users/nick/Library/Developer/Xcode/DerivedData/BoxOfficer-gkxyzipyhrenfigbggmkrxsqwque/Build/Intermediates.noindex/BoxOfficer.build/Debug-iphoneos/BoxOfficer.build/BoxOfficer-project-headers.hmap -Xcc -I/Users/nick/Library/Developer/Xcode/DerivedData/BoxOfficer-gkxyzipyhrenfigbggmkrxsqwque/Build/Products/Debug-iphoneos/include -Xcc -I/Users/nick/Library/Developer/Xcode/DerivedData/BoxOfficer-gkxyzipyhrenfigbggmkrxsqwque/Build/Intermediates.noindex/BoxOfficer.build/Debug-iphoneos/BoxOfficer.build/DerivedSources-normal/arm64 -Xcc -I/Users/nick/Library/Developer/Xcode/DerivedData/BoxOfficer-gkxyzipyhrenfigbggmkrxsqwque/Build/Intermediates.noindex/BoxOfficer.build/Debug-iphoneos/BoxOfficer.build/DerivedSources/arm64 -Xcc -I/Users/nick/Library/Developer/Xcode/DerivedData/BoxOfficer-gkxyzipyhrenfigbggmkrxsqwque/Build/Intermediates.noindex/BoxOfficer.build/Debug-iphoneos/BoxOfficer.build/DerivedSources -Xcc -DDEBUG\=1 -emit-objc-header -emit-objc-header-path /Users/nick/Library/Developer/Xcode/DerivedData/BoxOfficer-gkxyzipyhrenfigbggmkrxsqwque/Build/Intermediates.noindex/BoxOfficer.build/Debug-iphoneos/BoxOfficer.build/Objects-normal/arm64/BoxOfficer-Swift.h -working-directory /Users/nick/GitHub\ Local/BoxOfficer -experimental-emit-module-separately -disable-cmo

SwiftMergeGeneratedHeaders /Users/nick/Library/Developer/Xcode/DerivedData/BoxOfficer-gkxyzipyhrenfigbggmkrxsqwque/Build/Intermediates.noindex/BoxOfficer.build/Debug-iphoneos/BoxOfficer.build/DerivedSources/BoxOfficer-Swift.h /Users/nick/Library/Developer/Xcode/DerivedData/BoxOfficer-gkxyzipyhrenfigbggmkrxsqwque/Build/Intermediates.noindex/BoxOfficer.build/Debug-iphoneos/BoxOfficer.build/Objects-normal/arm64/BoxOfficer-Swift.h (in target 'BoxOfficer' from project 'BoxOfficer')
    cd /Users/nick/GitHub\ Local/BoxOfficer
    builtin-swiftHeaderTool -arch arm64 /Users/nick/Library/Developer/Xcode/DerivedData/BoxOfficer-gkxyzipyhrenfigbggmkrxsqwque/Build/Intermediates.noindex/BoxOfficer.build/Debug-iphoneos/BoxOfficer.build/Objects-normal/arm64/BoxOfficer-Swift.h -o /Users/nick/Library/Developer/Xcode/DerivedData/BoxOfficer-gkxyzipyhrenfigbggmkrxsqwque/Build/Intermediates.noindex/BoxOfficer.build/Debug-iphoneos/BoxOfficer.build/DerivedSources/BoxOfficer-Swift.h

Copy /Users/nick/Library/Developer/Xcode/DerivedData/BoxOfficer-gkxyzipyhrenfigbggmkrxsqwque/Build/Products/Debug-iphoneos/BoxOfficer.swiftmodule/arm64-apple-ios.abi.json /Users/nick/Library/Developer/Xcode/DerivedData/BoxOfficer-gkxyzipyhrenfigbggmkrxsqwque/Build/Intermediates.noindex/BoxOfficer.build/Debug-iphoneos/BoxOfficer.build/Objects-normal/arm64/BoxOfficer.abi.json (in target 'BoxOfficer' from project 'BoxOfficer')
    cd /Users/nick/GitHub\ Local/BoxOfficer
    builtin-copy -exclude .DS_Store -exclude CVS -exclude .svn -exclude .git -exclude .hg -resolve-src-symlinks -rename /Users/nick/Library/Developer/Xcode/DerivedData/BoxOfficer-gkxyzipyhrenfigbggmkrxsqwque/Build/Intermediates.noindex/BoxOfficer.build/Debug-iphoneos/BoxOfficer.build/Objects-normal/arm64/BoxOfficer.abi.json /Users/nick/Library/Developer/Xcode/DerivedData/BoxOfficer-gkxyzipyhrenfigbggmkrxsqwque/Build/Products/Debug-iphoneos/BoxOfficer.swiftmodule/arm64-apple-ios.abi.json

Copy /Users/nick/Library/Developer/Xcode/DerivedData/BoxOfficer-gkxyzipyhrenfigbggmkrxsqwque/Build/Products/Debug-iphoneos/BoxOfficer.swiftmodule/arm64-apple-ios.swiftmodule /Users/nick/Library/Developer/Xcode/DerivedData/BoxOfficer-gkxyzipyhrenfigbggmkrxsqwque/Build/Intermediates.noindex/BoxOfficer.build/Debug-iphoneos/BoxOfficer.build/Objects-normal/arm64/BoxOfficer.swiftmodule (in target 'BoxOfficer' from project 'BoxOfficer')
    cd /Users/nick/GitHub\ Local/BoxOfficer
    builtin-copy -exclude .DS_Store -exclude CVS -exclude .svn -exclude .git -exclude .hg -resolve-src-symlinks -rename /Users/nick/Library/Developer/Xcode/DerivedData/BoxOfficer-gkxyzipyhrenfigbggmkrxsqwque/Build/Intermediates.noindex/BoxOfficer.build/Debug-iphoneos/BoxOfficer.build/Objects-normal/arm64/BoxOfficer.swiftmodule /Users/nick/Library/Developer/Xcode/DerivedData/BoxOfficer-gkxyzipyhrenfigbggmkrxsqwque/Build/Products/Debug-iphoneos/BoxOfficer.swiftmodule/arm64-apple-ios.swiftmodule

Copy /Users/nick/Library/Developer/Xcode/DerivedData/BoxOfficer-gkxyzipyhrenfigbggmkrxsqwque/Build/Products/Debug-iphoneos/BoxOfficer.swiftmodule/arm64-apple-ios.swiftdoc /Users/nick/Library/Developer/Xcode/DerivedData/BoxOfficer-gkxyzipyhrenfigbggmkrxsqwque/Build/Intermediates.noindex/BoxOfficer.build/Debug-iphoneos/BoxOfficer.build/Objects-normal/arm64/BoxOfficer.swiftdoc (in target 'BoxOfficer' from project 'BoxOfficer')
    cd /Users/nick/GitHub\ Local/BoxOfficer
    builtin-copy -exclude .DS_Store -exclude CVS -exclude .svn -exclude .git -exclude .hg -resolve-src-symlinks -rename /Users/nick/Library/Developer/Xcode/DerivedData/BoxOfficer-gkxyzipyhrenfigbggmkrxsqwque/Build/Intermediates.noindex/BoxOfficer.build/Debug-iphoneos/BoxOfficer.build/Objects-normal/arm64/BoxOfficer.swiftdoc /Users/nick/Library/Developer/Xcode/DerivedData/BoxOfficer-gkxyzipyhrenfigbggmkrxsqwque/Build/Products/Debug-iphoneos/BoxOfficer.swiftmodule/arm64-apple-ios.swiftdoc

Copy /Users/nick/Library/Developer/Xcode/DerivedData/BoxOfficer-gkxyzipyhrenfigbggmkrxsqwque/Build/Products/Debug-iphoneos/BoxOfficer.swiftmodule/Project/arm64-apple-ios.swiftsourceinfo /Users/nick/Library/Developer/Xcode/DerivedData/BoxOfficer-gkxyzipyhrenfigbggmkrxsqwque/Build/Intermediates.noindex/BoxOfficer.build/Debug-iphoneos/BoxOfficer.build/Objects-normal/arm64/BoxOfficer.swiftsourceinfo (in target 'BoxOfficer' from project 'BoxOfficer')
    cd /Users/nick/GitHub\ Local/BoxOfficer
    builtin-copy -exclude .DS_Store -exclude CVS -exclude .svn -exclude .git -exclude .hg -resolve-src-symlinks -rename /Users/nick/Library/Developer/Xcode/DerivedData/BoxOfficer-gkxyzipyhrenfigbggmkrxsqwque/Build/Intermediates.noindex/BoxOfficer.build/Debug-iphoneos/BoxOfficer.build/Objects-normal/arm64/BoxOfficer.swiftsourceinfo /Users/nick/Library/Developer/Xcode/DerivedData/BoxOfficer-gkxyzipyhrenfigbggmkrxsqwque/Build/Products/Debug-iphoneos/BoxOfficer.swiftmodule/Project/arm64-apple-ios.swiftsourceinfo

SwiftDriverJobDiscovery normal arm64 Compiling SettingsView.swift (in target 'BoxOfficer' from project 'BoxOfficer')

SwiftDriverJobDiscovery normal arm64 Compiling WatchlistView.swift (in target 'BoxOfficer' from project 'BoxOfficer')

SwiftDriverJobDiscovery normal arm64 Compiling NotificationsView.swift (in target 'BoxOfficer' from project 'BoxOfficer')

SwiftDriverJobDiscovery normal arm64 Compiling BoxOfficerApp.swift, CompareFilmsView.swift (in target 'BoxOfficer' from project 'BoxOfficer')

SwiftDriverJobDiscovery normal arm64 Compiling FilmDetailView.swift, FilmRowView.swift (in target 'BoxOfficer' from project 'BoxOfficer')

SwiftDriverJobDiscovery normal arm64 Compiling HomeView.swift, Item.swift (in target 'BoxOfficer' from project 'BoxOfficer')

SwiftDriver\ Compilation BoxOfficer normal arm64 com.apple.xcode.tools.swift.compiler (in target 'BoxOfficer' from project 'BoxOfficer')
    cd /Users/nick/GitHub\ Local/BoxOfficer
    builtin-Swift-Compilation -- /Applications/Xcode.app/Contents/Developer/Toolchains/XcodeDefault.xctoolchain/usr/bin/swiftc -module-name BoxOfficer -Onone -enforce-exclusivity\=checked @/Users/nick/Library/Developer/Xcode/DerivedData/BoxOfficer-gkxyzipyhrenfigbggmkrxsqwque/Build/Intermediates.noindex/BoxOfficer.build/Debug-iphoneos/BoxOfficer.build/Objects-normal/arm64/BoxOfficer.SwiftFileList -DDEBUG -default-isolation\=MainActor -enable-bare-slash-regex -enable-upcoming-feature DisableOutwardActorInference -enable-upcoming-feature InferSendableFromCaptures -enable-upcoming-feature GlobalActorIsolatedTypesUsability -enable-upcoming-feature MemberImportVisibility -enable-upcoming-feature InferIsolatedConformances -enable-upcoming-feature NonisolatedNonsendingByDefault -enable-experimental-feature DebugDescriptionMacro -sdk /Applications/Xcode.app/Contents/Developer/Platforms/iPhoneOS.platform/Developer/SDKs/iPhoneOS26.2.sdk -target arm64-apple-ios15.6 -g -module-cache-path /Users/nick/Library/Developer/Xcode/DerivedData/ModuleCache.noindex -Xfrontend -serialize-debugging-options -profile-coverage-mapping -profile-generate -enable-testing -index-store-path /Users/nick/Library/Developer/Xcode/DerivedData/BoxOfficer-gkxyzipyhrenfigbggmkrxsqwque/Index.noindex/DataStore -Xcc -D_LIBCPP_HARDENING_MODE\=_LIBCPP_HARDENING_MODE_DEBUG -swift-version 5 -I /Users/nick/Library/Developer/Xcode/DerivedData/BoxOfficer-gkxyzipyhrenfigbggmkrxsqwque/Build/Products/Debug-iphoneos -F /Users/nick/Library/Developer/Xcode/DerivedData/BoxOfficer-gkxyzipyhrenfigbggmkrxsqwque/Build/Products/Debug-iphoneos -emit-localized-strings -emit-localized-strings-path /Users/nick/Library/Developer/Xcode/DerivedData/BoxOfficer-gkxyzipyhrenfigbggmkrxsqwque/Build/Intermediates.noindex/BoxOfficer.build/Debug-iphoneos/BoxOfficer.build/Objects-normal/arm64 -c -j14 -enable-batch-mode -incremental -Xcc -ivfsstatcache -Xcc /Users/nick/Library/Developer/Xcode/DerivedData/SDKStatCaches.noindex/iphoneos26.2-23C53-3885c01c3e6b6a337905948deab2002e3794476bd08197c3e2abd9bb477ef7f7.sdkstatcache -output-file-map /Users/nick/Library/Developer/Xcode/DerivedData/BoxOfficer-gkxyzipyhrenfigbggmkrxsqwque/Build/Intermediates.noindex/BoxOfficer.build/Debug-iphoneos/BoxOfficer.build/Objects-normal/arm64/BoxOfficer-OutputFileMap.json -use-frontend-parseable-output -save-temps -no-color-diagnostics -explicit-module-build -module-cache-path /Users/nick/Library/Developer/Xcode/DerivedData/BoxOfficer-gkxyzipyhrenfigbggmkrxsqwque/Build/Intermediates.noindex/SwiftExplicitPrecompiledModules -clang-scanner-module-cache-path /Users/nick/Library/Developer/Xcode/DerivedData/ModuleCache.noindex -sdk-module-cache-path /Users/nick/Library/Developer/Xcode/DerivedData/ModuleCache.noindex -serialize-diagnostics -emit-dependencies -emit-module -emit-module-path /Users/nick/Library/Developer/Xcode/DerivedData/BoxOfficer-gkxyzipyhrenfigbggmkrxsqwque/Build/Intermediates.noindex/BoxOfficer.build/Debug-iphoneos/BoxOfficer.build/Objects-normal/arm64/BoxOfficer.swiftmodule -validate-clang-modules-once -clang-build-session-file /Users/nick/Library/Developer/Xcode/DerivedData/ModuleCache.noindex/Session.modulevalidation -Xcc -I/Users/nick/Library/Developer/Xcode/DerivedData/BoxOfficer-gkxyzipyhrenfigbggmkrxsqwque/Build/Intermediates.noindex/BoxOfficer.build/Debug-iphoneos/BoxOfficer.build/swift-overrides.hmap -emit-const-values -Xfrontend -const-gather-protocols-file -Xfrontend /Users/nick/Library/Developer/Xcode/DerivedData/BoxOfficer-gkxyzipyhrenfigbggmkrxsqwque/Build/Intermediates.noindex/BoxOfficer.build/Debug-iphoneos/BoxOfficer.build/Objects-normal/arm64/BoxOfficer_const_extract_protocols.json -Xcc -iquote -Xcc /Users/nick/Library/Developer/Xcode/DerivedData/BoxOfficer-gkxyzipyhrenfigbggmkrxsqwque/Build/Intermediates.noindex/BoxOfficer.build/Debug-iphoneos/BoxOfficer.build/BoxOfficer-generated-files.hmap -Xcc -I/Users/nick/Library/Developer/Xcode/DerivedData/BoxOfficer-gkxyzipyhrenfigbggmkrxsqwque/Build/Intermediates.noindex/BoxOfficer.build/Debug-iphoneos/BoxOfficer.build/BoxOfficer-own-target-headers.hmap -Xcc -I/Users/nick/Library/Developer/Xcode/DerivedData/BoxOfficer-gkxyzipyhrenfigbggmkrxsqwque/Build/Intermediates.noindex/BoxOfficer.build/Debug-iphoneos/BoxOfficer.build/BoxOfficer-all-target-headers.hmap -Xcc -iquote -Xcc /Users/nick/Library/Developer/Xcode/DerivedData/BoxOfficer-gkxyzipyhrenfigbggmkrxsqwque/Build/Intermediates.noindex/BoxOfficer.build/Debug-iphoneos/BoxOfficer.build/BoxOfficer-project-headers.hmap -Xcc -I/Users/nick/Library/Developer/Xcode/DerivedData/BoxOfficer-gkxyzipyhrenfigbggmkrxsqwque/Build/Products/Debug-iphoneos/include -Xcc -I/Users/nick/Library/Developer/Xcode/DerivedData/BoxOfficer-gkxyzipyhrenfigbggmkrxsqwque/Build/Intermediates.noindex/BoxOfficer.build/Debug-iphoneos/BoxOfficer.build/DerivedSources-normal/arm64 -Xcc -I/Users/nick/Library/Developer/Xcode/DerivedData/BoxOfficer-gkxyzipyhrenfigbggmkrxsqwque/Build/Intermediates.noindex/BoxOfficer.build/Debug-iphoneos/BoxOfficer.build/DerivedSources/arm64 -Xcc -I/Users/nick/Library/Developer/Xcode/DerivedData/BoxOfficer-gkxyzipyhrenfigbggmkrxsqwque/Build/Intermediates.noindex/BoxOfficer.build/Debug-iphoneos/BoxOfficer.build/DerivedSources -Xcc -DDEBUG\=1 -emit-objc-header -emit-objc-header-path /Users/nick/Library/Developer/Xcode/DerivedData/BoxOfficer-gkxyzipyhrenfigbggmkrxsqwque/Build/Intermediates.noindex/BoxOfficer.build/Debug-iphoneos/BoxOfficer.build/Objects-normal/arm64/BoxOfficer-Swift.h -working-directory /Users/nick/GitHub\ Local/BoxOfficer -experimental-emit-module-separately -disable-cmo

Ld /Users/nick/Library/Developer/Xcode/DerivedData/BoxOfficer-gkxyzipyhrenfigbggmkrxsqwque/Build/Products/Debug-iphoneos/BoxOfficer.app/BoxOfficer.debug.dylib normal (in target 'BoxOfficer' from project 'BoxOfficer')
    cd /Users/nick/GitHub\ Local/BoxOfficer
    /Applications/Xcode.app/Contents/Developer/Toolchains/XcodeDefault.xctoolchain/usr/bin/clang -Xlinker -reproducible -target arm64-apple-ios15.6 -dynamiclib -isysroot /Applications/Xcode.app/Contents/Developer/Platforms/iPhoneOS.platform/Developer/SDKs/iPhoneOS26.2.sdk -O0 -L/Users/nick/Library/Developer/Xcode/DerivedData/BoxOfficer-gkxyzipyhrenfigbggmkrxsqwque/Build/Intermediates.noindex/EagerLinkingTBDs/Debug-iphoneos -L/Users/nick/Library/Developer/Xcode/DerivedData/BoxOfficer-gkxyzipyhrenfigbggmkrxsqwque/Build/Products/Debug-iphoneos -F/Users/nick/Library/Developer/Xcode/DerivedData/BoxOfficer-gkxyzipyhrenfigbggmkrxsqwque/Build/Intermediates.noindex/EagerLinkingTBDs/Debug-iphoneos -F/Users/nick/Library/Developer/Xcode/DerivedData/BoxOfficer-gkxyzipyhrenfigbggmkrxsqwque/Build/Products/Debug-iphoneos -filelist /Users/nick/Library/Developer/Xcode/DerivedData/BoxOfficer-gkxyzipyhrenfigbggmkrxsqwque/Build/Intermediates.noindex/BoxOfficer.build/Debug-iphoneos/BoxOfficer.build/Objects-normal/arm64/BoxOfficer.LinkFileList -install_name @rpath/BoxOfficer.debug.dylib -Xlinker -rpath -Xlinker /usr/lib/swift -Xlinker -rpath -Xlinker @executable_path/Frameworks -dead_strip -Xlinker -object_path_lto -Xlinker /Users/nick/Library/Developer/Xcode/DerivedData/BoxOfficer-gkxyzipyhrenfigbggmkrxsqwque/Build/Intermediates.noindex/BoxOfficer.build/Debug-iphoneos/BoxOfficer.build/Objects-normal/arm64/BoxOfficer_lto.o -rdynamic -Xlinker -no_deduplicate -Xlinker -debug_variant -Xlinker -dependency_info -Xlinker /Users/nick/Library/Developer/Xcode/DerivedData/BoxOfficer-gkxyzipyhrenfigbggmkrxsqwque/Build/Intermediates.noindex/BoxOfficer.build/Debug-iphoneos/BoxOfficer.build/Objects-normal/arm64/BoxOfficer_dependency_info.dat -fobjc-link-runtime -fprofile-instr-generate -L/Applications/Xcode.app/Contents/Developer/Toolchains/XcodeDefault.xctoolchain/usr/lib/swift/iphoneos -L/usr/lib/swift -Xlinker -add_ast_path -Xlinker /Users/nick/Library/Developer/Xcode/DerivedData/BoxOfficer-gkxyzipyhrenfigbggmkrxsqwque/Build/Intermediates.noindex/BoxOfficer.build/Debug-iphoneos/BoxOfficer.build/Objects-normal/arm64/BoxOfficer.swiftmodule @/Users/nick/Library/Developer/Xcode/DerivedData/BoxOfficer-gkxyzipyhrenfigbggmkrxsqwque/Build/Intermediates.noindex/BoxOfficer.build/Debug-iphoneos/BoxOfficer.build/Objects-normal/arm64/BoxOfficer-linker-args.resp -Xlinker -alias -Xlinker _main -Xlinker ___debug_main_executable_dylib_entry_point -Xlinker -no_adhoc_codesign -o /Users/nick/Library/Developer/Xcode/DerivedData/BoxOfficer-gkxyzipyhrenfigbggmkrxsqwque/Build/Products/Debug-iphoneos/BoxOfficer.app/BoxOfficer.debug.dylib

ConstructStubExecutorLinkFileList /Users/nick/Library/Developer/Xcode/DerivedData/BoxOfficer-gkxyzipyhrenfigbggmkrxsqwque/Build/Intermediates.noindex/BoxOfficer.build/Debug-iphoneos/BoxOfficer.build/BoxOfficer-ExecutorLinkFileList-normal-arm64.txt (in target 'BoxOfficer' from project 'BoxOfficer')
    cd /Users/nick/GitHub\ Local/BoxOfficer
    construct-stub-executor-link-file-list /Users/nick/Library/Developer/Xcode/DerivedData/BoxOfficer-gkxyzipyhrenfigbggmkrxsqwque/Build/Products/Debug-iphoneos/BoxOfficer.app/BoxOfficer.debug.dylib /Applications/Xcode.app/Contents/Developer/Platforms/iPhoneOS.platform/Developer/usr/lib/libPreviewsJITStubExecutor_no_swift_entry_point.a /Applications/Xcode.app/Contents/Developer/Platforms/iPhoneOS.platform/Developer/usr/lib/libPreviewsJITStubExecutor.a --output /Users/nick/Library/Developer/Xcode/DerivedData/BoxOfficer-gkxyzipyhrenfigbggmkrxsqwque/Build/Intermediates.noindex/BoxOfficer.build/Debug-iphoneos/BoxOfficer.build/BoxOfficer-ExecutorLinkFileList-normal-arm64.txt
note: Using stub executor library with Swift entry point. (in target 'BoxOfficer' from project 'BoxOfficer')

Ld /Users/nick/Library/Developer/Xcode/DerivedData/BoxOfficer-gkxyzipyhrenfigbggmkrxsqwque/Build/Products/Debug-iphoneos/BoxOfficer.app/BoxOfficer normal (in target 'BoxOfficer' from project 'BoxOfficer')
    cd /Users/nick/GitHub\ Local/BoxOfficer
    /Applications/Xcode.app/Contents/Developer/Toolchains/XcodeDefault.xctoolchain/usr/bin/clang -Xlinker -reproducible -target arm64-apple-ios15.6 -isysroot /Applications/Xcode.app/Contents/Developer/Platforms/iPhoneOS.platform/Developer/SDKs/iPhoneOS26.2.sdk -O0 -L/Users/nick/Library/Developer/Xcode/DerivedData/BoxOfficer-gkxyzipyhrenfigbggmkrxsqwque/Build/Products/Debug-iphoneos -F/Users/nick/Library/Developer/Xcode/DerivedData/BoxOfficer-gkxyzipyhrenfigbggmkrxsqwque/Build/Products/Debug-iphoneos -Xlinker -rpath -Xlinker @executable_path -Xlinker -rpath -Xlinker @executable_path/Frameworks -rdynamic -Xlinker -no_deduplicate -Xlinker -debug_variant -e ___debug_blank_executor_main -Xlinker -sectcreate -Xlinker __TEXT -Xlinker __debug_dylib -Xlinker /Users/nick/Library/Developer/Xcode/DerivedData/BoxOfficer-gkxyzipyhrenfigbggmkrxsqwque/Build/Intermediates.noindex/BoxOfficer.build/Debug-iphoneos/BoxOfficer.build/BoxOfficer-DebugDylibPath-normal-arm64.txt -Xlinker -sectcreate -Xlinker __TEXT -Xlinker __debug_instlnm -Xlinker /Users/nick/Library/Developer/Xcode/DerivedData/BoxOfficer-gkxyzipyhrenfigbggmkrxsqwque/Build/Intermediates.noindex/BoxOfficer.build/Debug-iphoneos/BoxOfficer.build/BoxOfficer-DebugDylibInstallName-normal-arm64.txt -Xlinker -filelist -Xlinker /Users/nick/Library/Developer/Xcode/DerivedData/BoxOfficer-gkxyzipyhrenfigbggmkrxsqwque/Build/Intermediates.noindex/BoxOfficer.build/Debug-iphoneos/BoxOfficer.build/BoxOfficer-ExecutorLinkFileList-normal-arm64.txt /Users/nick/Library/Developer/Xcode/DerivedData/BoxOfficer-gkxyzipyhrenfigbggmkrxsqwque/Build/Products/Debug-iphoneos/BoxOfficer.app/BoxOfficer.debug.dylib -Xlinker -no_adhoc_codesign -o /Users/nick/Library/Developer/Xcode/DerivedData/BoxOfficer-gkxyzipyhrenfigbggmkrxsqwque/Build/Products/Debug-iphoneos/BoxOfficer.app/BoxOfficer

CopySwiftLibs /Users/nick/Library/Developer/Xcode/DerivedData/BoxOfficer-gkxyzipyhrenfigbggmkrxsqwque/Build/Products/Debug-iphoneos/BoxOfficer.app (in target 'BoxOfficer' from project 'BoxOfficer')
    cd /Users/nick/GitHub\ Local/BoxOfficer
    builtin-swiftStdLibTool --copy --verbose --sign 20CBDA8231DB8612AA21F8A465E1985730EF6D83 --scan-executable /Users/nick/Library/Developer/Xcode/DerivedData/BoxOfficer-gkxyzipyhrenfigbggmkrxsqwque/Build/Products/Debug-iphoneos/BoxOfficer.app/BoxOfficer.debug.dylib --scan-folder /Users/nick/Library/Developer/Xcode/DerivedData/BoxOfficer-gkxyzipyhrenfigbggmkrxsqwque/Build/Products/Debug-iphoneos/BoxOfficer.app/Frameworks --scan-folder /Users/nick/Library/Developer/Xcode/DerivedData/BoxOfficer-gkxyzipyhrenfigbggmkrxsqwque/Build/Products/Debug-iphoneos/BoxOfficer.app/PlugIns --scan-folder /Users/nick/Library/Developer/Xcode/DerivedData/BoxOfficer-gkxyzipyhrenfigbggmkrxsqwque/Build/Products/Debug-iphoneos/BoxOfficer.app/SystemExtensions --scan-folder /Users/nick/Library/Developer/Xcode/DerivedData/BoxOfficer-gkxyzipyhrenfigbggmkrxsqwque/Build/Products/Debug-iphoneos/BoxOfficer.app/Extensions --platform iphoneos --toolchain /var/run/com.apple.security.cryptexd/mnt/com.apple.MobileAsset.MetalToolchain-v17.3.48.0.QvoMtC/Metal.xctoolchain --toolchain /Applications/Xcode.app/Contents/Developer/Toolchains/XcodeDefault.xctoolchain --destination /Users/nick/Library/Developer/Xcode/DerivedData/BoxOfficer-gkxyzipyhrenfigbggmkrxsqwque/Build/Products/Debug-iphoneos/BoxOfficer.app/Frameworks --strip-bitcode --strip-bitcode-tool /Applications/Xcode.app/Contents/Developer/Toolchains/XcodeDefault.xctoolchain/usr/bin/bitcode_strip --emit-dependency-info /Users/nick/Library/Developer/Xcode/DerivedData/BoxOfficer-gkxyzipyhrenfigbggmkrxsqwque/Build/Intermediates.noindex/BoxOfficer.build/Debug-iphoneos/BoxOfficer.build/SwiftStdLibToolInputDependencies.dep --filter-for-swift-os --back-deploy-swift-span

ExtractAppIntentsMetadata (in target 'BoxOfficer' from project 'BoxOfficer')
    cd /Users/nick/GitHub\ Local/BoxOfficer
    /Applications/Xcode.app/Contents/Developer/Toolchains/XcodeDefault.xctoolchain/usr/bin/appintentsmetadataprocessor --toolchain-dir /var/run/com.apple.security.cryptexd/mnt/com.apple.MobileAsset.MetalToolchain-v17.3.48.0.QvoMtC/Metal.xctoolchain --module-name BoxOfficer --sdk-root /Applications/Xcode.app/Contents/Developer/Platforms/iPhoneOS.platform/Developer/SDKs/iPhoneOS26.2.sdk --xcode-version 17C52 --platform-family iOS --deployment-target 15.6 --bundle-identifier HomieLabz.BoxOfficer --output /Users/nick/Library/Developer/Xcode/DerivedData/BoxOfficer-gkxyzipyhrenfigbggmkrxsqwque/Build/Products/Debug-iphoneos/BoxOfficer.app --target-triple arm64-apple-ios15.6 --binary-file /Users/nick/Library/Developer/Xcode/DerivedData/BoxOfficer-gkxyzipyhrenfigbggmkrxsqwque/Build/Products/Debug-iphoneos/BoxOfficer.app/BoxOfficer --dependency-file /Users/nick/Library/Developer/Xcode/DerivedData/BoxOfficer-gkxyzipyhrenfigbggmkrxsqwque/Build/Intermediates.noindex/BoxOfficer.build/Debug-iphoneos/BoxOfficer.build/Objects-normal/arm64/BoxOfficer_dependency_info.dat --stringsdata-file /Users/nick/Library/Developer/Xcode/DerivedData/BoxOfficer-gkxyzipyhrenfigbggmkrxsqwque/Build/Intermediates.noindex/BoxOfficer.build/Debug-iphoneos/BoxOfficer.build/Objects-normal/arm64/ExtractedAppShortcutsMetadata.stringsdata --source-file-list /Users/nick/Library/Developer/Xcode/DerivedData/BoxOfficer-gkxyzipyhrenfigbggmkrxsqwque/Build/Intermediates.noindex/BoxOfficer.build/Debug-iphoneos/BoxOfficer.build/Objects-normal/arm64/BoxOfficer.SwiftFileList --metadata-file-list /Users/nick/Library/Developer/Xcode/DerivedData/BoxOfficer-gkxyzipyhrenfigbggmkrxsqwque/Build/Intermediates.noindex/BoxOfficer.build/Debug-iphoneos/BoxOfficer.build/BoxOfficer.DependencyMetadataFileList --static-metadata-file-list /Users/nick/Library/Developer/Xcode/DerivedData/BoxOfficer-gkxyzipyhrenfigbggmkrxsqwque/Build/Intermediates.noindex/BoxOfficer.build/Debug-iphoneos/BoxOfficer.build/BoxOfficer.DependencyStaticMetadataFileList --swift-const-vals-list /Users/nick/Library/Developer/Xcode/DerivedData/BoxOfficer-gkxyzipyhrenfigbggmkrxsqwque/Build/Intermediates.noindex/BoxOfficer.build/Debug-iphoneos/BoxOfficer.build/Objects-normal/arm64/BoxOfficer.SwiftConstValuesFileList --compile-time-extraction --deployment-aware-processing --validate-assistant-intents --no-app-shortcuts-localization
2026-01-14 11:05:51.669 appintentsmetadataprocessor[11797:258158] Starting appintentsmetadataprocessor export
2026-01-14 11:05:51.673 appintentsmetadataprocessor[11797:258158] warning: Metadata extraction skipped. No AppIntents.framework dependency found.

AppIntentsSSUTraining (in target 'BoxOfficer' from project 'BoxOfficer')
    cd /Users/nick/GitHub\ Local/BoxOfficer
    /Applications/Xcode.app/Contents/Developer/Toolchains/XcodeDefault.xctoolchain/usr/bin/appintentsnltrainingprocessor --infoplist-path /Users/nick/Library/Developer/Xcode/DerivedData/BoxOfficer-gkxyzipyhrenfigbggmkrxsqwque/Build/Products/Debug-iphoneos/BoxOfficer.app/Info.plist --temp-dir-path /Users/nick/Library/Developer/Xcode/DerivedData/BoxOfficer-gkxyzipyhrenfigbggmkrxsqwque/Build/Intermediates.noindex/BoxOfficer.build/Debug-iphoneos/BoxOfficer.build/ssu --bundle-id HomieLabz.BoxOfficer --product-path /Users/nick/Library/Developer/Xcode/DerivedData/BoxOfficer-gkxyzipyhrenfigbggmkrxsqwque/Build/Products/Debug-iphoneos/BoxOfficer.app --extracted-metadata-path /Users/nick/Library/Developer/Xcode/DerivedData/BoxOfficer-gkxyzipyhrenfigbggmkrxsqwque/Build/Products/Debug-iphoneos/BoxOfficer.app/Metadata.appintents --metadata-file-list /Users/nick/Library/Developer/Xcode/DerivedData/BoxOfficer-gkxyzipyhrenfigbggmkrxsqwque/Build/Intermediates.noindex/BoxOfficer.build/Debug-iphoneos/BoxOfficer.build/BoxOfficer.DependencyMetadataFileList --archive-ssu-assets
2026-01-14 11:05:51.701 appintentsnltrainingprocessor[11798:258163] Parsing options for appintentsnltrainingprocessor
2026-01-14 11:05:51.701 appintentsnltrainingprocessor[11798:258163] No AppShortcuts found - Skipping.

CodeSign /Users/nick/Library/Developer/Xcode/DerivedData/BoxOfficer-gkxyzipyhrenfigbggmkrxsqwque/Build/Products/Debug-iphoneos/BoxOfficer.app/BoxOfficer.debug.dylib (in target 'BoxOfficer' from project 'BoxOfficer')
    cd /Users/nick/GitHub\ Local/BoxOfficer
    
    Signing Identity:     "Apple Development: directr441@gmail.com (UL35EW4SQG)"
    Provisioning Profile: "iOS Team Provisioning Profile: HomieLabz.BoxOfficer"
                          (cf897add-8561-4c05-853a-3ff89ca084eb)
    
    /usr/bin/codesign --force --sign 20CBDA8231DB8612AA21F8A465E1985730EF6D83 --timestamp\=none --generate-entitlement-der /Users/nick/Library/Developer/Xcode/DerivedData/BoxOfficer-gkxyzipyhrenfigbggmkrxsqwque/Build/Products/Debug-iphoneos/BoxOfficer.app/BoxOfficer.debug.dylib

CodeSign /Users/nick/Library/Developer/Xcode/DerivedData/BoxOfficer-gkxyzipyhrenfigbggmkrxsqwque/Build/Products/Debug-iphoneos/BoxOfficer.app/__preview.dylib (in target 'BoxOfficer' from project 'BoxOfficer')
    cd /Users/nick/GitHub\ Local/BoxOfficer
    
    Signing Identity:     "Apple Development: directr441@gmail.com (UL35EW4SQG)"
    Provisioning Profile: "iOS Team Provisioning Profile: HomieLabz.BoxOfficer"
                          (cf897add-8561-4c05-853a-3ff89ca084eb)
    
    /usr/bin/codesign --force --sign 20CBDA8231DB8612AA21F8A465E1985730EF6D83 --timestamp\=none --generate-entitlement-der /Users/nick/Library/Developer/Xcode/DerivedData/BoxOfficer-gkxyzipyhrenfigbggmkrxsqwque/Build/Products/Debug-iphoneos/BoxOfficer.app/__preview.dylib

CodeSign /Users/nick/Library/Developer/Xcode/DerivedData/BoxOfficer-gkxyzipyhrenfigbggmkrxsqwque/Build/Products/Debug-iphoneos/BoxOfficer.app (in target 'BoxOfficer' from project 'BoxOfficer')
    cd /Users/nick/GitHub\ Local/BoxOfficer
    
    Signing Identity:     "Apple Development: directr441@gmail.com (UL35EW4SQG)"
    Provisioning Profile: "iOS Team Provisioning Profile: HomieLabz.BoxOfficer"
                          (cf897add-8561-4c05-853a-3ff89ca084eb)
    
    /usr/bin/codesign --force --sign 20CBDA8231DB8612AA21F8A465E1985730EF6D83 --entitlements /Users/nick/Library/Developer/Xcode/DerivedData/BoxOfficer-gkxyzipyhrenfigbggmkrxsqwque/Build/Intermediates.noindex/BoxOfficer.build/Debug-iphoneos/BoxOfficer.build/BoxOfficer.app.xcent --timestamp\=none --generate-entitlement-der /Users/nick/Library/Developer/Xcode/DerivedData/BoxOfficer-gkxyzipyhrenfigbggmkrxsqwque/Build/Products/Debug-iphoneos/BoxOfficer.app

RegisterExecutionPolicyException /Users/nick/Library/Developer/Xcode/DerivedData/BoxOfficer-gkxyzipyhrenfigbggmkrxsqwque/Build/Products/Debug-iphoneos/BoxOfficer.app (in target 'BoxOfficer' from project 'BoxOfficer')
    cd /Users/nick/GitHub\ Local/BoxOfficer
    builtin-RegisterExecutionPolicyException /Users/nick/Library/Developer/Xcode/DerivedData/BoxOfficer-gkxyzipyhrenfigbggmkrxsqwque/Build/Products/Debug-iphoneos/BoxOfficer.app

Validate /Users/nick/Library/Developer/Xcode/DerivedData/BoxOfficer-gkxyzipyhrenfigbggmkrxsqwque/Build/Products/Debug-iphoneos/BoxOfficer.app (in target 'BoxOfficer' from project 'BoxOfficer')
    cd /Users/nick/GitHub\ Local/BoxOfficer
    builtin-validationUtility /Users/nick/Library/Developer/Xcode/DerivedData/BoxOfficer-gkxyzipyhrenfigbggmkrxsqwque/Build/Products/Debug-iphoneos/BoxOfficer.app -shallow-bundle -infoplist-subpath Info.plist

Touch /Users/nick/Library/Developer/Xcode/DerivedData/BoxOfficer-gkxyzipyhrenfigbggmkrxsqwque/Build/Products/Debug-iphoneos/BoxOfficer.app (in target 'BoxOfficer' from project 'BoxOfficer')
    cd /Users/nick/GitHub\ Local/BoxOfficer
    /usr/bin/touch -c /Users/nick/Library/Developer/Xcode/DerivedData/BoxOfficer-gkxyzipyhrenfigbggmkrxsqwque/Build/Products/Debug-iphoneos/BoxOfficer.app

** BUILD SUCCEEDED **

